{"/Users/deepaksisodiya/Workspace/MyApp/eslint.config.js": {"path":"/Users/deepaksisodiya/Workspace/MyApp/eslint.config.js","statementMap":{"0":{"start":{"line":2,"column":25},"end":{"line":2,"column":49}},"1":{"start":{"line":3,"column":19},"end":{"line":3,"column":53}},"2":{"start":{"line":5,"column":0},"end":{"line":10,"column":3}}},"fnMap":{},"branchMap":{},"s":{"0":0,"1":0,"2":0},"f":{},"b":{}}
,"/Users/deepaksisodiya/Workspace/MyApp/expo-env.d.ts": {"path":"/Users/deepaksisodiya/Workspace/MyApp/expo-env.d.ts","statementMap":{},"fnMap":{},"branchMap":{},"s":{},"f":{},"b":{}}
,"/Users/deepaksisodiya/Workspace/MyApp/jest.config.js": {"path":"/Users/deepaksisodiya/Workspace/MyApp/jest.config.js","statementMap":{"0":{"start":{"line":1,"column":0},"end":{"line":21,"column":2}}},"fnMap":{},"branchMap":{},"s":{"0":0},"f":{},"b":{}}
,"/Users/deepaksisodiya/Workspace/MyApp/.expo/types/router.d.ts": {"path":"/Users/deepaksisodiya/Workspace/MyApp/.expo/types/router.d.ts","statementMap":{},"fnMap":{},"branchMap":{},"s":{},"f":{},"b":{}}
,"/Users/deepaksisodiya/Workspace/MyApp/app/+not-found.tsx": {"path":"/Users/deepaksisodiya/Workspace/MyApp/app/+not-found.tsx","statementMap":{"0":{"start":{"line":8,"column":2},"end":{"line":18,"column":4}},"1":{"start":{"line":21,"column":15},"end":{"line":32,"column":2}}},"fnMap":{"0":{"name":"NotFoundScreen","decl":{"start":{"line":7,"column":24},"end":{"line":7,"column":38}},"loc":{"start":{"line":7,"column":41},"end":{"line":19,"column":1}},"line":7}},"branchMap":{},"s":{"0":0,"1":0},"f":{"0":0},"b":{}}
,"/Users/deepaksisodiya/Workspace/MyApp/app/_layout.tsx": {"path":"/Users/deepaksisodiya/Workspace/MyApp/app/_layout.tsx","statementMap":{"0":{"start":{"line":6,"column":2},"end":{"line":19,"column":4}}},"fnMap":{"0":{"name":"RootLayout","decl":{"start":{"line":5,"column":24},"end":{"line":5,"column":34}},"loc":{"start":{"line":5,"column":37},"end":{"line":20,"column":1}},"line":5}},"branchMap":{},"s":{"0":0},"f":{"0":0},"b":{}}
,"/Users/deepaksisodiya/Workspace/MyApp/app/index.tsx": {"path":"/Users/deepaksisodiya/Workspace/MyApp/app/index.tsx","statementMap":{"0":{"start":{"line":11,"column":17},"end":{"line":11,"column":36}},"1":{"start":{"line":21,"column":6},"end":{"line":21,"column":16}},"2":{"start":{"line":23,"column":22},"end":{"line":25,"column":3}},"3":{"start":{"line":24,"column":4},"end":{"line":24,"column":57}},"4":{"start":{"line":27,"column":22},"end":{"line":34,"column":3}},"5":{"start":{"line":28,"column":4},"end":{"line":33,"column":11}},"6":{"start":{"line":36,"column":24},"end":{"line":80,"column":3}},"7":{"start":{"line":37,"column":4},"end":{"line":39,"column":5}},"8":{"start":{"line":38,"column":6},"end":{"line":38,"column":72}},"9":{"start":{"line":41,"column":4},"end":{"line":79,"column":6}},"10":{"start":{"line":57,"column":34},"end":{"line":57,"column":41}},"11":{"start":{"line":59,"column":14},"end":{"line":65,"column":16}},"12":{"start":{"line":82,"column":2},"end":{"line":88,"column":4}},"13":{"start":{"line":91,"column":15},"end":{"line":154,"column":2}}},"fnMap":{"0":{"name":"TodoScreen","decl":{"start":{"line":10,"column":24},"end":{"line":10,"column":34}},"loc":{"start":{"line":10,"column":37},"end":{"line":89,"column":1}},"line":10},"1":{"name":"(anonymous_1)","decl":{"start":{"line":23,"column":22},"end":{"line":23,"column":23}},"loc":{"start":{"line":23,"column":68},"end":{"line":25,"column":3}},"line":23},"2":{"name":"(anonymous_2)","decl":{"start":{"line":27,"column":22},"end":{"line":27,"column":23}},"loc":{"start":{"line":28,"column":4},"end":{"line":33,"column":11}},"line":28},"3":{"name":"(anonymous_3)","decl":{"start":{"line":36,"column":24},"end":{"line":36,"column":25}},"loc":{"start":{"line":36,"column":30},"end":{"line":80,"column":3}},"line":36},"4":{"name":"(anonymous_4)","decl":{"start":{"line":57,"column":26},"end":{"line":57,"column":27}},"loc":{"start":{"line":57,"column":34},"end":{"line":57,"column":41}},"line":57},"5":{"name":"(anonymous_5)","decl":{"start":{"line":58,"column":24},"end":{"line":58,"column":25}},"loc":{"start":{"line":59,"column":14},"end":{"line":65,"column":16}},"line":59}},"branchMap":{"0":{"loc":{"start":{"line":37,"column":4},"end":{"line":39,"column":5}},"type":"if","locations":[{"start":{"line":37,"column":4},"end":{"line":39,"column":5}},{"start":{},"end":{}}],"line":37},"1":{"loc":{"start":{"line":46,"column":32},"end":{"line":46,"column":61}},"type":"cond-expr","locations":[{"start":{"line":46,"column":53},"end":{"line":46,"column":56}},{"start":{"line":46,"column":59},"end":{"line":46,"column":61}}],"line":46},"2":{"loc":{"start":{"line":52,"column":9},"end":{"line":77,"column":9}},"type":"cond-expr","locations":[{"start":{"line":53,"column":10},"end":{"line":53,"column":23}},{"start":{"line":55,"column":10},"end":{"line":76,"column":12}}],"line":52}},"s":{"0":0,"1":0,"2":0,"3":0,"4":0,"5":0,"6":0,"7":0,"8":0,"9":0,"10":0,"11":0,"12":0,"13":0},"f":{"0":0,"1":0,"2":0,"3":0,"4":0,"5":0},"b":{"0":[0,0],"1":[0,0],"2":[0,0]}}
,"/Users/deepaksisodiya/Workspace/MyApp/components/Collapsible.tsx": {"path":"/Users/deepaksisodiya/Workspace/MyApp/components/Collapsible.tsx","statementMap":{"0":{"start":{"line":11,"column":30},"end":{"line":11,"column":45}},"1":{"start":{"line":12,"column":16},"end":{"line":12,"column":43}},"2":{"start":{"line":14,"column":2},"end":{"line":32,"column":4}},"3":{"start":{"line":18,"column":23},"end":{"line":18,"column":51}},"4":{"start":{"line":18,"column":44},"end":{"line":18,"column":50}},"5":{"start":{"line":35,"column":15},"end":{"line":45,"column":2}}},"fnMap":{"0":{"name":"Collapsible","decl":{"start":{"line":10,"column":16},"end":{"line":10,"column":27}},"loc":{"start":{"line":10,"column":88},"end":{"line":33,"column":1}},"line":10},"1":{"name":"(anonymous_1)","decl":{"start":{"line":18,"column":17},"end":{"line":18,"column":18}},"loc":{"start":{"line":18,"column":23},"end":{"line":18,"column":51}},"line":18},"2":{"name":"(anonymous_2)","decl":{"start":{"line":18,"column":33},"end":{"line":18,"column":34}},"loc":{"start":{"line":18,"column":44},"end":{"line":18,"column":50}},"line":18}},"branchMap":{"0":{"loc":{"start":{"line":12,"column":16},"end":{"line":12,"column":43}},"type":"binary-expr","locations":[{"start":{"line":12,"column":16},"end":{"line":12,"column":32}},{"start":{"line":12,"column":36},"end":{"line":12,"column":43}}],"line":12},"1":{"loc":{"start":{"line":24,"column":17},"end":{"line":24,"column":73}},"type":"cond-expr","locations":[{"start":{"line":24,"column":37},"end":{"line":24,"column":54}},{"start":{"line":24,"column":57},"end":{"line":24,"column":73}}],"line":24},"2":{"loc":{"start":{"line":25,"column":41},"end":{"line":25,"column":66}},"type":"cond-expr","locations":[{"start":{"line":25,"column":50},"end":{"line":25,"column":57}},{"start":{"line":25,"column":60},"end":{"line":25,"column":66}}],"line":25},"3":{"loc":{"start":{"line":30,"column":7},"end":{"line":30,"column":75}},"type":"binary-expr","locations":[{"start":{"line":30,"column":7},"end":{"line":30,"column":13}},{"start":{"line":30,"column":17},"end":{"line":30,"column":75}}],"line":30}},"s":{"0":0,"1":0,"2":0,"3":0,"4":0,"5":0},"f":{"0":0,"1":0,"2":0},"b":{"0":[0,0],"1":[0,0],"2":[0,0],"3":[0,0]}}
,"/Users/deepaksisodiya/Workspace/MyApp/components/ExternalLink.tsx": {"path":"/Users/deepaksisodiya/Workspace/MyApp/components/ExternalLink.tsx","statementMap":{"0":{"start":{"line":9,"column":2},"end":{"line":23,"column":4}},"1":{"start":{"line":15,"column":8},"end":{"line":20,"column":9}},"2":{"start":{"line":17,"column":10},"end":{"line":17,"column":33}},"3":{"start":{"line":19,"column":10},"end":{"line":19,"column":39}}},"fnMap":{"0":{"name":"ExternalLink","decl":{"start":{"line":8,"column":16},"end":{"line":8,"column":28}},"loc":{"start":{"line":8,"column":55},"end":{"line":24,"column":1}},"line":8},"1":{"name":"(anonymous_1)","decl":{"start":{"line":14,"column":15},"end":{"line":14,"column":16}},"loc":{"start":{"line":14,"column":32},"end":{"line":21,"column":7}},"line":14}},"branchMap":{"0":{"loc":{"start":{"line":15,"column":8},"end":{"line":20,"column":9}},"type":"if","locations":[{"start":{"line":15,"column":8},"end":{"line":20,"column":9}},{"start":{},"end":{}}],"line":15}},"s":{"0":0,"1":0,"2":0,"3":0},"f":{"0":0,"1":0},"b":{"0":[0,0]}}
,"/Users/deepaksisodiya/Workspace/MyApp/components/HapticTab.tsx": {"path":"/Users/deepaksisodiya/Workspace/MyApp/components/HapticTab.tsx","statementMap":{"0":{"start":{"line":6,"column":2},"end":{"line":17,"column":4}},"1":{"start":{"line":10,"column":8},"end":{"line":13,"column":9}},"2":{"start":{"line":12,"column":10},"end":{"line":12,"column":65}},"3":{"start":{"line":14,"column":8},"end":{"line":14,"column":30}}},"fnMap":{"0":{"name":"HapticTab","decl":{"start":{"line":5,"column":16},"end":{"line":5,"column":25}},"loc":{"start":{"line":5,"column":58},"end":{"line":18,"column":1}},"line":5},"1":{"name":"(anonymous_1)","decl":{"start":{"line":9,"column":17},"end":{"line":9,"column":18}},"loc":{"start":{"line":9,"column":25},"end":{"line":15,"column":7}},"line":9}},"branchMap":{"0":{"loc":{"start":{"line":10,"column":8},"end":{"line":13,"column":9}},"type":"if","locations":[{"start":{"line":10,"column":8},"end":{"line":13,"column":9}},{"start":{},"end":{}}],"line":10}},"s":{"0":0,"1":0,"2":0,"3":0},"f":{"0":0,"1":0},"b":{"0":[0,0]}}
,"/Users/deepaksisodiya/Workspace/MyApp/components/HelloWave.tsx": {"path":"/Users/deepaksisodiya/Workspace/MyApp/components/HelloWave.tsx","statementMap":{"0":{"start":{"line":14,"column":28},"end":{"line":14,"column":45}},"1":{"start":{"line":16,"column":2},"end":{"line":21,"column":26}},"2":{"start":{"line":17,"column":4},"end":{"line":20,"column":6}},"3":{"start":{"line":23,"column":24},"end":{"line":25,"column":5}},"4":{"start":{"line":23,"column":48},"end":{"line":25,"column":3}},"5":{"start":{"line":27,"column":2},"end":{"line":31,"column":4}},"6":{"start":{"line":34,"column":15},"end":{"line":40,"column":2}}},"fnMap":{"0":{"name":"HelloWave","decl":{"start":{"line":13,"column":16},"end":{"line":13,"column":25}},"loc":{"start":{"line":13,"column":28},"end":{"line":32,"column":1}},"line":13},"1":{"name":"(anonymous_1)","decl":{"start":{"line":16,"column":12},"end":{"line":16,"column":13}},"loc":{"start":{"line":16,"column":18},"end":{"line":21,"column":3}},"line":16},"2":{"name":"(anonymous_2)","decl":{"start":{"line":23,"column":41},"end":{"line":23,"column":42}},"loc":{"start":{"line":23,"column":48},"end":{"line":25,"column":3}},"line":23}},"branchMap":{},"s":{"0":0,"1":0,"2":0,"3":0,"4":0,"5":0,"6":0},"f":{"0":0,"1":0,"2":0},"b":{}}
,"/Users/deepaksisodiya/Workspace/MyApp/components/ParallaxScrollView.tsx": {"path":"/Users/deepaksisodiya/Workspace/MyApp/components/ParallaxScrollView.tsx","statementMap":{"0":{"start":{"line":14,"column":22},"end":{"line":14,"column":25}},"1":{"start":{"line":26,"column":22},"end":{"line":26,"column":49}},"2":{"start":{"line":27,"column":20},"end":{"line":27,"column":57}},"3":{"start":{"line":28,"column":23},"end":{"line":28,"column":53}},"4":{"start":{"line":29,"column":17},"end":{"line":29,"column":39}},"5":{"start":{"line":30,"column":30},"end":{"line":45,"column":4}},"6":{"start":{"line":31,"column":4},"end":{"line":44,"column":6}},"7":{"start":{"line":47,"column":2},"end":{"line":65,"column":4}},"8":{"start":{"line":68,"column":15},"end":{"line":82,"column":2}}},"fnMap":{"0":{"name":"ParallaxScrollView","decl":{"start":{"line":21,"column":24},"end":{"line":21,"column":42}},"loc":{"start":{"line":25,"column":10},"end":{"line":66,"column":1}},"line":25},"1":{"name":"(anonymous_1)","decl":{"start":{"line":30,"column":47},"end":{"line":30,"column":48}},"loc":{"start":{"line":30,"column":53},"end":{"line":45,"column":3}},"line":30}},"branchMap":{"0":{"loc":{"start":{"line":26,"column":22},"end":{"line":26,"column":49}},"type":"binary-expr","locations":[{"start":{"line":26,"column":22},"end":{"line":26,"column":38}},{"start":{"line":26,"column":42},"end":{"line":26,"column":49}}],"line":26}},"s":{"0":0,"1":0,"2":0,"3":0,"4":0,"5":0,"6":0,"7":0,"8":0},"f":{"0":0,"1":0},"b":{"0":[0,0]}}
,"/Users/deepaksisodiya/Workspace/MyApp/components/ThemedText.tsx": {"path":"/Users/deepaksisodiya/Workspace/MyApp/components/ThemedText.tsx","statementMap":{"0":{"start":{"line":18,"column":16},"end":{"line":18,"column":77}},"1":{"start":{"line":20,"column":2},"end":{"line":33,"column":4}},"2":{"start":{"line":36,"column":15},"end":{"line":60,"column":2}}},"fnMap":{"0":{"name":"ThemedText","decl":{"start":{"line":11,"column":16},"end":{"line":11,"column":26}},"loc":{"start":{"line":17,"column":20},"end":{"line":34,"column":1}},"line":17}},"branchMap":{"0":{"loc":{"start":{"line":15,"column":2},"end":{"line":15,"column":18}},"type":"default-arg","locations":[{"start":{"line":15,"column":9},"end":{"line":15,"column":18}}],"line":15},"1":{"loc":{"start":{"line":24,"column":8},"end":{"line":24,"column":55}},"type":"cond-expr","locations":[{"start":{"line":24,"column":29},"end":{"line":24,"column":43}},{"start":{"line":24,"column":46},"end":{"line":24,"column":55}}],"line":24},"2":{"loc":{"start":{"line":25,"column":8},"end":{"line":25,"column":51}},"type":"cond-expr","locations":[{"start":{"line":25,"column":27},"end":{"line":25,"column":39}},{"start":{"line":25,"column":42},"end":{"line":25,"column":51}}],"line":25},"3":{"loc":{"start":{"line":26,"column":8},"end":{"line":26,"column":71}},"type":"cond-expr","locations":[{"start":{"line":26,"column":37},"end":{"line":26,"column":59}},{"start":{"line":26,"column":62},"end":{"line":26,"column":71}}],"line":26},"4":{"loc":{"start":{"line":27,"column":8},"end":{"line":27,"column":57}},"type":"cond-expr","locations":[{"start":{"line":27,"column":30},"end":{"line":27,"column":45}},{"start":{"line":27,"column":48},"end":{"line":27,"column":57}}],"line":27},"5":{"loc":{"start":{"line":28,"column":8},"end":{"line":28,"column":49}},"type":"cond-expr","locations":[{"start":{"line":28,"column":26},"end":{"line":28,"column":37}},{"start":{"line":28,"column":40},"end":{"line":28,"column":49}}],"line":28}},"s":{"0":0,"1":0,"2":0},"f":{"0":0},"b":{"0":[0],"1":[0,0],"2":[0,0],"3":[0,0],"4":[0,0],"5":[0,0]}}
,"/Users/deepaksisodiya/Workspace/MyApp/components/ThemedView.tsx": {"path":"/Users/deepaksisodiya/Workspace/MyApp/components/ThemedView.tsx","statementMap":{"0":{"start":{"line":11,"column":26},"end":{"line":11,"column":93}},"1":{"start":{"line":13,"column":2},"end":{"line":13,"column":71}}},"fnMap":{"0":{"name":"ThemedView","decl":{"start":{"line":10,"column":16},"end":{"line":10,"column":26}},"loc":{"start":{"line":10,"column":93},"end":{"line":14,"column":1}},"line":10}},"branchMap":{},"s":{"0":0,"1":0},"f":{"0":0},"b":{}}
,"/Users/deepaksisodiya/Workspace/MyApp/components/ui/ErrorBoundary.tsx": {"path":"/Users/deepaksisodiya/Workspace/MyApp/components/ui/ErrorBoundary.tsx","statementMap":{"0":{"start":{"line":17,"column":4},"end":{"line":17,"column":17}},"1":{"start":{"line":18,"column":4},"end":{"line":21,"column":6}},"2":{"start":{"line":25,"column":4},"end":{"line":28,"column":6}},"3":{"start":{"line":33,"column":4},"end":{"line":33,"column":43}},"4":{"start":{"line":36,"column":16},"end":{"line":41,"column":3}},"5":{"start":{"line":37,"column":4},"end":{"line":40,"column":7}},"6":{"start":{"line":44,"column":32},"end":{"line":44,"column":42}},"7":{"start":{"line":45,"column":35},"end":{"line":45,"column":45}},"8":{"start":{"line":47,"column":4},"end":{"line":63,"column":5}},"9":{"start":{"line":48,"column":6},"end":{"line":50,"column":7}},"10":{"start":{"line":49,"column":8},"end":{"line":49,"column":24}},"11":{"start":{"line":52,"column":6},"end":{"line":62,"column":8}},"12":{"start":{"line":65,"column":4},"end":{"line":65,"column":20}},"13":{"start":{"line":69,"column":15},"end":{"line":101,"column":2}},"14":{"start":{"line":104,"column":29},"end":{"line":104,"column":51}}},"fnMap":{"0":{"name":"(anonymous_0)","decl":{"start":{"line":16,"column":2},"end":{"line":16,"column":3}},"loc":{"start":{"line":16,"column":28},"end":{"line":22,"column":3}},"line":16},"1":{"name":"(anonymous_1)","decl":{"start":{"line":24,"column":2},"end":{"line":24,"column":3}},"loc":{"start":{"line":24,"column":55},"end":{"line":29,"column":3}},"line":24},"2":{"name":"(anonymous_2)","decl":{"start":{"line":31,"column":2},"end":{"line":31,"column":3}},"loc":{"start":{"line":31,"column":56},"end":{"line":34,"column":3}},"line":31},"3":{"name":"(anonymous_3)","decl":{"start":{"line":36,"column":16},"end":{"line":36,"column":17}},"loc":{"start":{"line":36,"column":22},"end":{"line":41,"column":3}},"line":36},"4":{"name":"(anonymous_4)","decl":{"start":{"line":43,"column":2},"end":{"line":43,"column":3}},"loc":{"start":{"line":43,"column":11},"end":{"line":66,"column":3}},"line":43}},"branchMap":{"0":{"loc":{"start":{"line":47,"column":4},"end":{"line":63,"column":5}},"type":"if","locations":[{"start":{"line":47,"column":4},"end":{"line":63,"column":5}},{"start":{},"end":{}}],"line":47},"1":{"loc":{"start":{"line":48,"column":6},"end":{"line":50,"column":7}},"type":"if","locations":[{"start":{"line":48,"column":6},"end":{"line":50,"column":7}},{"start":{},"end":{}}],"line":48},"2":{"loc":{"start":{"line":56,"column":13},"end":{"line":56,"column":61}},"type":"binary-expr","locations":[{"start":{"line":56,"column":13},"end":{"line":56,"column":27}},{"start":{"line":56,"column":31},"end":{"line":56,"column":61}}],"line":56}},"s":{"0":0,"1":0,"2":0,"3":0,"4":0,"5":0,"6":0,"7":0,"8":0,"9":0,"10":0,"11":0,"12":0,"13":0,"14":0},"f":{"0":0,"1":0,"2":0,"3":0,"4":0},"b":{"0":[0,0],"1":[0,0],"2":[0,0]}}
,"/Users/deepaksisodiya/Workspace/MyApp/components/ui/IconSymbol.ios.tsx": {"path":"/Users/deepaksisodiya/Workspace/MyApp/components/ui/IconSymbol.ios.tsx","statementMap":{"0":{"start":{"line":17,"column":2},"end":{"line":31,"column":4}}},"fnMap":{"0":{"name":"IconSymbol","decl":{"start":{"line":4,"column":16},"end":{"line":4,"column":26}},"loc":{"start":{"line":16,"column":3},"end":{"line":32,"column":1}},"line":16}},"branchMap":{"0":{"loc":{"start":{"line":6,"column":2},"end":{"line":6,"column":11}},"type":"default-arg","locations":[{"start":{"line":6,"column":9},"end":{"line":6,"column":11}}],"line":6},"1":{"loc":{"start":{"line":9,"column":2},"end":{"line":9,"column":20}},"type":"default-arg","locations":[{"start":{"line":9,"column":11},"end":{"line":9,"column":20}}],"line":9}},"s":{"0":0},"f":{"0":0},"b":{"0":[0],"1":[0]}}
,"/Users/deepaksisodiya/Workspace/MyApp/components/ui/IconSymbol.tsx": {"path":"/Users/deepaksisodiya/Workspace/MyApp/components/ui/IconSymbol.tsx","statementMap":{"0":{"start":{"line":16,"column":16},"end":{"line":21,"column":16}},"1":{"start":{"line":40,"column":2},"end":{"line":40,"column":88}}},"fnMap":{"0":{"name":"IconSymbol","decl":{"start":{"line":28,"column":16},"end":{"line":28,"column":26}},"loc":{"start":{"line":39,"column":3},"end":{"line":41,"column":1}},"line":39}},"branchMap":{"0":{"loc":{"start":{"line":30,"column":2},"end":{"line":30,"column":11}},"type":"default-arg","locations":[{"start":{"line":30,"column":9},"end":{"line":30,"column":11}}],"line":30}},"s":{"0":0,"1":0},"f":{"0":0},"b":{"0":[0]}}
,"/Users/deepaksisodiya/Workspace/MyApp/components/ui/LoadingOverlay.tsx": {"path":"/Users/deepaksisodiya/Workspace/MyApp/components/ui/LoadingOverlay.tsx","statementMap":{"0":{"start":{"line":17,"column":21},"end":{"line":17,"column":42}},"1":{"start":{"line":18,"column":21},"end":{"line":18,"column":58}},"2":{"start":{"line":20,"column":2},"end":{"line":26,"column":26}},"3":{"start":{"line":21,"column":4},"end":{"line":25,"column":15}},"4":{"start":{"line":28,"column":2},"end":{"line":28,"column":28}},"5":{"start":{"line":28,"column":16},"end":{"line":28,"column":28}},"6":{"start":{"line":30,"column":2},"end":{"line":45,"column":4}},"7":{"start":{"line":48,"column":15},"end":{"line":79,"column":2}}},"fnMap":{"0":{"name":"LoadingOverlay","decl":{"start":{"line":16,"column":16},"end":{"line":16,"column":30}},"loc":{"start":{"line":16,"column":74},"end":{"line":46,"column":1}},"line":16},"1":{"name":"(anonymous_1)","decl":{"start":{"line":20,"column":18},"end":{"line":20,"column":19}},"loc":{"start":{"line":20,"column":24},"end":{"line":26,"column":3}},"line":20}},"branchMap":{"0":{"loc":{"start":{"line":22,"column":15},"end":{"line":22,"column":30}},"type":"cond-expr","locations":[{"start":{"line":22,"column":25},"end":{"line":22,"column":26}},{"start":{"line":22,"column":29},"end":{"line":22,"column":30}}],"line":22},"1":{"loc":{"start":{"line":28,"column":2},"end":{"line":28,"column":28}},"type":"if","locations":[{"start":{"line":28,"column":2},"end":{"line":28,"column":28}},{"start":{},"end":{}}],"line":28},"2":{"loc":{"start":{"line":40,"column":9},"end":{"line":42,"column":9}},"type":"binary-expr","locations":[{"start":{"line":40,"column":9},"end":{"line":40,"column":16}},{"start":{"line":41,"column":10},"end":{"line":41,"column":55}}],"line":40}},"s":{"0":0,"1":0,"2":0,"3":0,"4":0,"5":0,"6":0,"7":0},"f":{"0":0,"1":0},"b":{"0":[0,0],"1":[0,0],"2":[0,0]}}
,"/Users/deepaksisodiya/Workspace/MyApp/components/ui/TabBarBackground.ios.tsx": {"path":"/Users/deepaksisodiya/Workspace/MyApp/components/ui/TabBarBackground.ios.tsx","statementMap":{"0":{"start":{"line":6,"column":2},"end":{"line":14,"column":4}},"1":{"start":{"line":18,"column":2},"end":{"line":18,"column":33}}},"fnMap":{"0":{"name":"BlurTabBarBackground","decl":{"start":{"line":5,"column":24},"end":{"line":5,"column":44}},"loc":{"start":{"line":5,"column":47},"end":{"line":15,"column":1}},"line":5},"1":{"name":"useBottomTabOverflow","decl":{"start":{"line":17,"column":16},"end":{"line":17,"column":36}},"loc":{"start":{"line":17,"column":39},"end":{"line":19,"column":1}},"line":17}},"branchMap":{},"s":{"0":0,"1":0},"f":{"0":0,"1":0},"b":{}}
,"/Users/deepaksisodiya/Workspace/MyApp/components/ui/TabBarBackground.tsx": {"path":"/Users/deepaksisodiya/Workspace/MyApp/components/ui/TabBarBackground.tsx","statementMap":{"0":{"start":{"line":5,"column":2},"end":{"line":5,"column":11}}},"fnMap":{"0":{"name":"useBottomTabOverflow","decl":{"start":{"line":4,"column":16},"end":{"line":4,"column":36}},"loc":{"start":{"line":4,"column":39},"end":{"line":6,"column":1}},"line":4}},"branchMap":{},"s":{"0":0},"f":{"0":0},"b":{}}
,"/Users/deepaksisodiya/Workspace/MyApp/components/ui/Toast.tsx": {"path":"/Users/deepaksisodiya/Workspace/MyApp/components/ui/Toast.tsx","statementMap":{"0":{"start":{"line":19,"column":27},"end":{"line":19,"column":30}},"1":{"start":{"line":20,"column":25},"end":{"line":20,"column":29}},"2":{"start":{"line":23,"column":21},"end":{"line":23,"column":61}},"3":{"start":{"line":24,"column":18},"end":{"line":24,"column":55}},"4":{"start":{"line":26,"column":2},"end":{"line":47,"column":16}},"5":{"start":{"line":28,"column":4},"end":{"line":39,"column":15}},"6":{"start":{"line":42,"column":18},"end":{"line":44,"column":44}},"7":{"start":{"line":43,"column":6},"end":{"line":43,"column":18}},"8":{"start":{"line":46,"column":4},"end":{"line":46,"column":37}},"9":{"start":{"line":46,"column":17},"end":{"line":46,"column":36}},"10":{"start":{"line":49,"column":20},"end":{"line":64,"column":3}},"11":{"start":{"line":50,"column":4},"end":{"line":63,"column":7}},"12":{"start":{"line":62,"column":6},"end":{"line":62,"column":28}},"13":{"start":{"line":66,"column":22},"end":{"line":77,"column":3}},"14":{"start":{"line":67,"column":4},"end":{"line":76,"column":5}},"15":{"start":{"line":69,"column":8},"end":{"line":69,"column":30}},"16":{"start":{"line":71,"column":8},"end":{"line":71,"column":23}},"17":{"start":{"line":73,"column":8},"end":{"line":73,"column":22}},"18":{"start":{"line":75,"column":8},"end":{"line":75,"column":22}},"19":{"start":{"line":79,"column":29},"end":{"line":90,"column":3}},"20":{"start":{"line":80,"column":4},"end":{"line":89,"column":5}},"21":{"start":{"line":82,"column":8},"end":{"line":82,"column":25}},"22":{"start":{"line":84,"column":8},"end":{"line":84,"column":25}},"23":{"start":{"line":86,"column":8},"end":{"line":86,"column":25}},"24":{"start":{"line":88,"column":8},"end":{"line":88,"column":22}},"25":{"start":{"line":92,"column":2},"end":{"line":116,"column":4}},"26":{"start":{"line":112,"column":39},"end":{"line":112,"column":50}},"27":{"start":{"line":119,"column":15},"end":{"line":157,"column":2}}},"fnMap":{"0":{"name":"Toast","decl":{"start":{"line":22,"column":16},"end":{"line":22,"column":21}},"loc":{"start":{"line":22,"column":58},"end":{"line":117,"column":1}},"line":22},"1":{"name":"(anonymous_1)","decl":{"start":{"line":26,"column":12},"end":{"line":26,"column":13}},"loc":{"start":{"line":26,"column":18},"end":{"line":47,"column":3}},"line":26},"2":{"name":"(anonymous_2)","decl":{"start":{"line":42,"column":29},"end":{"line":42,"column":30}},"loc":{"start":{"line":42,"column":35},"end":{"line":44,"column":5}},"line":42},"3":{"name":"(anonymous_3)","decl":{"start":{"line":46,"column":11},"end":{"line":46,"column":12}},"loc":{"start":{"line":46,"column":17},"end":{"line":46,"column":36}},"line":46},"4":{"name":"(anonymous_4)","decl":{"start":{"line":49,"column":20},"end":{"line":49,"column":21}},"loc":{"start":{"line":49,"column":26},"end":{"line":64,"column":3}},"line":49},"5":{"name":"(anonymous_5)","decl":{"start":{"line":61,"column":13},"end":{"line":61,"column":14}},"loc":{"start":{"line":61,"column":19},"end":{"line":63,"column":5}},"line":61},"6":{"name":"(anonymous_6)","decl":{"start":{"line":66,"column":22},"end":{"line":66,"column":23}},"loc":{"start":{"line":66,"column":80},"end":{"line":77,"column":3}},"line":66},"7":{"name":"(anonymous_7)","decl":{"start":{"line":79,"column":29},"end":{"line":79,"column":30}},"loc":{"start":{"line":79,"column":58},"end":{"line":90,"column":3}},"line":79},"8":{"name":"(anonymous_8)","decl":{"start":{"line":112,"column":33},"end":{"line":112,"column":34}},"loc":{"start":{"line":112,"column":39},"end":{"line":112,"column":50}},"line":112}},"branchMap":{"0":{"loc":{"start":{"line":44,"column":7},"end":{"line":44,"column":43}},"type":"binary-expr","locations":[{"start":{"line":44,"column":7},"end":{"line":44,"column":23}},{"start":{"line":44,"column":27},"end":{"line":44,"column":43}}],"line":44},"1":{"loc":{"start":{"line":67,"column":4},"end":{"line":76,"column":5}},"type":"switch","locations":[{"start":{"line":68,"column":6},"end":{"line":69,"column":30}},{"start":{"line":70,"column":6},"end":{"line":71,"column":23}},{"start":{"line":72,"column":6},"end":{"line":73,"column":22}},{"start":{"line":74,"column":6},"end":{"line":75,"column":22}}],"line":67},"2":{"loc":{"start":{"line":80,"column":4},"end":{"line":89,"column":5}},"type":"switch","locations":[{"start":{"line":81,"column":6},"end":{"line":82,"column":25}},{"start":{"line":83,"column":6},"end":{"line":84,"column":25}},{"start":{"line":85,"column":6},"end":{"line":86,"column":25}},{"start":{"line":87,"column":6},"end":{"line":88,"column":22}}],"line":80}},"s":{"0":0,"1":0,"2":0,"3":0,"4":0,"5":0,"6":0,"7":0,"8":0,"9":0,"10":0,"11":0,"12":0,"13":0,"14":0,"15":0,"16":0,"17":0,"18":0,"19":0,"20":0,"21":0,"22":0,"23":0,"24":0,"25":0,"26":0,"27":0},"f":{"0":0,"1":0,"2":0,"3":0,"4":0,"5":0,"6":0,"7":0,"8":0},"b":{"0":[0,0],"1":[0,0,0,0],"2":[0,0,0,0]}}
,"/Users/deepaksisodiya/Workspace/MyApp/components/ui/ToastManager.tsx": {"path":"/Users/deepaksisodiya/Workspace/MyApp/components/ui/ToastManager.tsx","statementMap":{"0":{"start":{"line":9,"column":21},"end":{"line":9,"column":76}},"1":{"start":{"line":12,"column":18},"end":{"line":12,"column":42}},"2":{"start":{"line":13,"column":2},"end":{"line":15,"column":3}},"3":{"start":{"line":14,"column":4},"end":{"line":14,"column":68}},"4":{"start":{"line":16,"column":2},"end":{"line":16,"column":17}},"5":{"start":{"line":20,"column":34},"end":{"line":20,"column":62}},"6":{"start":{"line":22,"column":20},"end":{"line":25,"column":8}},"7":{"start":{"line":23,"column":15},"end":{"line":23,"column":54}},"8":{"start":{"line":24,"column":4},"end":{"line":24,"column":74}},"9":{"start":{"line":24,"column":27},"end":{"line":24,"column":72}},"10":{"start":{"line":27,"column":23},"end":{"line":29,"column":8}},"11":{"start":{"line":28,"column":4},"end":{"line":28,"column":73}},"12":{"start":{"line":28,"column":27},"end":{"line":28,"column":71}},"13":{"start":{"line":28,"column":53},"end":{"line":28,"column":70}},"14":{"start":{"line":31,"column":2},"end":{"line":44,"column":4}},"15":{"start":{"line":36,"column":10},"end":{"line":40,"column":12}}},"fnMap":{"0":{"name":"useToast","decl":{"start":{"line":11,"column":16},"end":{"line":11,"column":24}},"loc":{"start":{"line":11,"column":27},"end":{"line":17,"column":1}},"line":11},"1":{"name":"ToastProvider","decl":{"start":{"line":19,"column":16},"end":{"line":19,"column":29}},"loc":{"start":{"line":19,"column":75},"end":{"line":45,"column":1}},"line":19},"2":{"name":"(anonymous_2)","decl":{"start":{"line":22,"column":32},"end":{"line":22,"column":33}},"loc":{"start":{"line":22,"column":89},"end":{"line":25,"column":3}},"line":22},"3":{"name":"(anonymous_3)","decl":{"start":{"line":24,"column":16},"end":{"line":24,"column":17}},"loc":{"start":{"line":24,"column":27},"end":{"line":24,"column":72}},"line":24},"4":{"name":"(anonymous_4)","decl":{"start":{"line":27,"column":35},"end":{"line":27,"column":36}},"loc":{"start":{"line":27,"column":51},"end":{"line":29,"column":3}},"line":27},"5":{"name":"(anonymous_5)","decl":{"start":{"line":28,"column":16},"end":{"line":28,"column":17}},"loc":{"start":{"line":28,"column":27},"end":{"line":28,"column":71}},"line":28},"6":{"name":"(anonymous_6)","decl":{"start":{"line":28,"column":42},"end":{"line":28,"column":43}},"loc":{"start":{"line":28,"column":53},"end":{"line":28,"column":70}},"line":28},"7":{"name":"(anonymous_7)","decl":{"start":{"line":35,"column":22},"end":{"line":35,"column":23}},"loc":{"start":{"line":36,"column":10},"end":{"line":40,"column":12}},"line":36}},"branchMap":{"0":{"loc":{"start":{"line":13,"column":2},"end":{"line":15,"column":3}},"type":"if","locations":[{"start":{"line":13,"column":2},"end":{"line":15,"column":3}},{"start":{},"end":{}}],"line":13}},"s":{"0":0,"1":0,"2":0,"3":0,"4":0,"5":0,"6":0,"7":0,"8":0,"9":0,"10":0,"11":0,"12":0,"13":0,"14":0,"15":0},"f":{"0":0,"1":0,"2":0,"3":0,"4":0,"5":0,"6":0,"7":0},"b":{"0":[0,0]}}
,"/Users/deepaksisodiya/Workspace/MyApp/components/ui/Todo.tsx": {"path":"/Users/deepaksisodiya/Workspace/MyApp/components/ui/Todo.tsx","statementMap":{"0":{"start":{"line":15,"column":0},"end":{"line":19,"column":1}},"1":{"start":{"line":16,"column":2},"end":{"line":18,"column":3}},"2":{"start":{"line":17,"column":4},"end":{"line":17,"column":58}},"3":{"start":{"line":36,"column":19},"end":{"line":36,"column":56}},"4":{"start":{"line":37,"column":20},"end":{"line":37,"column":57}},"5":{"start":{"line":38,"column":20},"end":{"line":38,"column":57}},"6":{"start":{"line":40,"column":2},"end":{"line":46,"column":9}},"7":{"start":{"line":42,"column":4},"end":{"line":45,"column":15}},"8":{"start":{"line":48,"column":23},"end":{"line":65,"column":3}},"9":{"start":{"line":50,"column":4},"end":{"line":50,"column":34}},"10":{"start":{"line":53,"column":4},"end":{"line":64,"column":7}},"11":{"start":{"line":63,"column":6},"end":{"line":63,"column":19}},"12":{"start":{"line":67,"column":23},"end":{"line":89,"column":3}},"13":{"start":{"line":69,"column":4},"end":{"line":73,"column":5}},"14":{"start":{"line":70,"column":6},"end":{"line":70,"column":37}},"15":{"start":{"line":72,"column":6},"end":{"line":72,"column":35}},"16":{"start":{"line":76,"column":4},"end":{"line":88,"column":7}},"17":{"start":{"line":86,"column":6},"end":{"line":86,"column":44}},"18":{"start":{"line":87,"column":6},"end":{"line":87,"column":19}},"19":{"start":{"line":91,"column":22},"end":{"line":95,"column":3}},"20":{"start":{"line":92,"column":4},"end":{"line":94,"column":5}},"21":{"start":{"line":93,"column":6},"end":{"line":93,"column":29}},"22":{"start":{"line":97,"column":28},"end":{"line":101,"column":3}},"23":{"start":{"line":98,"column":4},"end":{"line":100,"column":5}},"24":{"start":{"line":99,"column":6},"end":{"line":99,"column":29}},"25":{"start":{"line":103,"column":2},"end":{"line":168,"column":4}},"26":{"start":{"line":125,"column":23},"end":{"line":125,"column":43}},"27":{"start":{"line":153,"column":23},"end":{"line":153,"column":49}},"28":{"start":{"line":171,"column":15},"end":{"line":211,"column":2}}},"fnMap":{"0":{"name":"Todo","decl":{"start":{"line":35,"column":16},"end":{"line":35,"column":20}},"loc":{"start":{"line":35,"column":86},"end":{"line":169,"column":1}},"line":35},"1":{"name":"(anonymous_1)","decl":{"start":{"line":40,"column":12},"end":{"line":40,"column":13}},"loc":{"start":{"line":40,"column":18},"end":{"line":46,"column":3}},"line":40},"2":{"name":"(anonymous_2)","decl":{"start":{"line":48,"column":23},"end":{"line":48,"column":24}},"loc":{"start":{"line":48,"column":45},"end":{"line":65,"column":3}},"line":48},"3":{"name":"(anonymous_3)","decl":{"start":{"line":62,"column":13},"end":{"line":62,"column":14}},"loc":{"start":{"line":62,"column":19},"end":{"line":64,"column":5}},"line":62},"4":{"name":"(anonymous_4)","decl":{"start":{"line":67,"column":23},"end":{"line":67,"column":24}},"loc":{"start":{"line":67,"column":45},"end":{"line":89,"column":3}},"line":67},"5":{"name":"(anonymous_5)","decl":{"start":{"line":85,"column":13},"end":{"line":85,"column":14}},"loc":{"start":{"line":85,"column":19},"end":{"line":88,"column":5}},"line":85},"6":{"name":"(anonymous_6)","decl":{"start":{"line":91,"column":22},"end":{"line":91,"column":23}},"loc":{"start":{"line":91,"column":44},"end":{"line":95,"column":3}},"line":91},"7":{"name":"(anonymous_7)","decl":{"start":{"line":97,"column":28},"end":{"line":97,"column":29}},"loc":{"start":{"line":97,"column":50},"end":{"line":101,"column":3}},"line":97},"8":{"name":"(anonymous_8)","decl":{"start":{"line":125,"column":17},"end":{"line":125,"column":18}},"loc":{"start":{"line":125,"column":23},"end":{"line":125,"column":43}},"line":125},"9":{"name":"(anonymous_9)","decl":{"start":{"line":153,"column":17},"end":{"line":153,"column":18}},"loc":{"start":{"line":153,"column":23},"end":{"line":153,"column":49}},"line":153}},"branchMap":{"0":{"loc":{"start":{"line":15,"column":0},"end":{"line":19,"column":1}},"type":"if","locations":[{"start":{"line":15,"column":0},"end":{"line":19,"column":1}},{"start":{},"end":{}}],"line":15},"1":{"loc":{"start":{"line":16,"column":2},"end":{"line":18,"column":3}},"type":"if","locations":[{"start":{"line":16,"column":2},"end":{"line":18,"column":3}},{"start":{},"end":{}}],"line":16},"2":{"loc":{"start":{"line":69,"column":4},"end":{"line":73,"column":5}},"type":"if","locations":[{"start":{"line":69,"column":4},"end":{"line":73,"column":5}},{"start":{"line":71,"column":11},"end":{"line":73,"column":5}}],"line":69},"3":{"loc":{"start":{"line":92,"column":4},"end":{"line":94,"column":5}},"type":"if","locations":[{"start":{"line":92,"column":4},"end":{"line":94,"column":5}},{"start":{},"end":{}}],"line":92},"4":{"loc":{"start":{"line":98,"column":4},"end":{"line":100,"column":5}},"type":"if","locations":[{"start":{"line":98,"column":4},"end":{"line":100,"column":5}},{"start":{},"end":{}}],"line":98},"5":{"loc":{"start":{"line":128,"column":9},"end":{"line":137,"column":9}},"type":"cond-expr","locations":[{"start":{"line":129,"column":10},"end":{"line":129,"column":87}},{"start":{"line":131,"column":10},"end":{"line":136,"column":12}}],"line":128},"6":{"loc":{"start":{"line":133,"column":18},"end":{"line":133,"column":74}},"type":"cond-expr","locations":[{"start":{"line":133,"column":35},"end":{"line":133,"column":46}},{"start":{"line":133,"column":49},"end":{"line":133,"column":74}}],"line":133},"7":{"loc":{"start":{"line":135,"column":19},"end":{"line":135,"column":57}},"type":"cond-expr","locations":[{"start":{"line":135,"column":36},"end":{"line":135,"column":45}},{"start":{"line":135,"column":48},"end":{"line":135,"column":57}}],"line":135},"8":{"loc":{"start":{"line":144,"column":10},"end":{"line":144,"column":48}},"type":"binary-expr","locations":[{"start":{"line":144,"column":10},"end":{"line":144,"column":24}},{"start":{"line":144,"column":28},"end":{"line":144,"column":48}}],"line":144},"9":{"loc":{"start":{"line":156,"column":9},"end":{"line":165,"column":9}},"type":"cond-expr","locations":[{"start":{"line":157,"column":10},"end":{"line":157,"column":87}},{"start":{"line":159,"column":10},"end":{"line":164,"column":12}}],"line":156}},"s":{"0":0,"1":0,"2":0,"3":0,"4":0,"5":0,"6":0,"7":0,"8":0,"9":0,"10":0,"11":0,"12":0,"13":0,"14":0,"15":0,"16":0,"17":0,"18":0,"19":0,"20":0,"21":0,"22":0,"23":0,"24":0,"25":0,"26":0,"27":0,"28":0},"f":{"0":0,"1":0,"2":0,"3":0,"4":0,"5":0,"6":0,"7":0,"8":0,"9":0},"b":{"0":[0,0],"1":[0,0],"2":[0,0],"3":[0,0],"4":[0,0],"5":[0,0],"6":[0,0],"7":[0,0],"8":[0,0],"9":[0,0]}}
,"/Users/deepaksisodiya/Workspace/MyApp/components/ui/TodoInput.tsx": {"path":"/Users/deepaksisodiya/Workspace/MyApp/components/ui/TodoInput.tsx","statementMap":{"0":{"start":{"line":15,"column":26},"end":{"line":15,"column":38}},"1":{"start":{"line":16,"column":28},"end":{"line":16,"column":58}},"2":{"start":{"line":17,"column":36},"end":{"line":17,"column":51}},"3":{"start":{"line":18,"column":24},"end":{"line":18,"column":34}},"4":{"start":{"line":19,"column":20},"end":{"line":19,"column":57}},"5":{"start":{"line":21,"column":20},"end":{"line":51,"column":3}},"6":{"start":{"line":22,"column":29},"end":{"line":22,"column":47}},"7":{"start":{"line":23,"column":4},"end":{"line":50,"column":5}},"8":{"start":{"line":24,"column":6},"end":{"line":24,"column":37}},"9":{"start":{"line":25,"column":6},"end":{"line":25,"column":25}},"10":{"start":{"line":26,"column":6},"end":{"line":26,"column":18}},"11":{"start":{"line":27,"column":6},"end":{"line":27,"column":26}},"12":{"start":{"line":28,"column":6},"end":{"line":28,"column":26}},"13":{"start":{"line":29,"column":6},"end":{"line":29,"column":54}},"14":{"start":{"line":30,"column":6},"end":{"line":30,"column":44}},"15":{"start":{"line":32,"column":6},"end":{"line":32,"column":35}},"16":{"start":{"line":33,"column":6},"end":{"line":33,"column":39}},"17":{"start":{"line":34,"column":6},"end":{"line":34,"column":67}},"18":{"start":{"line":36,"column":6},"end":{"line":49,"column":17}},"19":{"start":{"line":53,"column":27},"end":{"line":63,"column":3}},"20":{"start":{"line":54,"column":4},"end":{"line":54,"column":19}},"21":{"start":{"line":55,"column":4},"end":{"line":62,"column":5}},"22":{"start":{"line":56,"column":31},"end":{"line":56,"column":50}},"23":{"start":{"line":57,"column":6},"end":{"line":61,"column":7}},"24":{"start":{"line":58,"column":8},"end":{"line":58,"column":41}},"25":{"start":{"line":59,"column":8},"end":{"line":59,"column":38}},"26":{"start":{"line":60,"column":8},"end":{"line":60,"column":41}},"27":{"start":{"line":65,"column":21},"end":{"line":77,"column":3}},"28":{"start":{"line":66,"column":4},"end":{"line":66,"column":23}},"29":{"start":{"line":67,"column":29},"end":{"line":67,"column":47}},"30":{"start":{"line":68,"column":4},"end":{"line":72,"column":5}},"31":{"start":{"line":69,"column":6},"end":{"line":69,"column":39}},"32":{"start":{"line":70,"column":6},"end":{"line":70,"column":36}},"33":{"start":{"line":71,"column":6},"end":{"line":71,"column":39}},"34":{"start":{"line":73,"column":4},"end":{"line":76,"column":5}},"35":{"start":{"line":74,"column":6},"end":{"line":74,"column":37}},"36":{"start":{"line":75,"column":6},"end":{"line":75,"column":49}},"37":{"start":{"line":79,"column":22},"end":{"line":85,"column":3}},"38":{"start":{"line":80,"column":4},"end":{"line":84,"column":5}},"39":{"start":{"line":81,"column":6},"end":{"line":81,"column":24}},"40":{"start":{"line":82,"column":11},"end":{"line":84,"column":5}},"41":{"start":{"line":83,"column":6},"end":{"line":83,"column":35}},"42":{"start":{"line":87,"column":2},"end":{"line":133,"column":4}},"43":{"start":{"line":136,"column":15},"end":{"line":185,"column":2}}},"fnMap":{"0":{"name":"TodoInput","decl":{"start":{"line":14,"column":16},"end":{"line":14,"column":25}},"loc":{"start":{"line":14,"column":64},"end":{"line":134,"column":1}},"line":14},"1":{"name":"(anonymous_1)","decl":{"start":{"line":21,"column":20},"end":{"line":21,"column":21}},"loc":{"start":{"line":21,"column":32},"end":{"line":51,"column":3}},"line":21},"2":{"name":"(anonymous_2)","decl":{"start":{"line":53,"column":27},"end":{"line":53,"column":28}},"loc":{"start":{"line":53,"column":52},"end":{"line":63,"column":3}},"line":53},"3":{"name":"(anonymous_3)","decl":{"start":{"line":65,"column":21},"end":{"line":65,"column":22}},"loc":{"start":{"line":65,"column":33},"end":{"line":77,"column":3}},"line":65},"4":{"name":"(anonymous_4)","decl":{"start":{"line":79,"column":22},"end":{"line":79,"column":23}},"loc":{"start":{"line":79,"column":34},"end":{"line":85,"column":3}},"line":79}},"branchMap":{"0":{"loc":{"start":{"line":23,"column":4},"end":{"line":50,"column":5}},"type":"if","locations":[{"start":{"line":23,"column":4},"end":{"line":50,"column":5}},{"start":{"line":31,"column":11},"end":{"line":50,"column":5}}],"line":23},"1":{"loc":{"start":{"line":34,"column":25},"end":{"line":34,"column":65}},"type":"binary-expr","locations":[{"start":{"line":34,"column":25},"end":{"line":34,"column":47}},{"start":{"line":34,"column":51},"end":{"line":34,"column":65}}],"line":34},"2":{"loc":{"start":{"line":55,"column":4},"end":{"line":62,"column":5}},"type":"if","locations":[{"start":{"line":55,"column":4},"end":{"line":62,"column":5}},{"start":{},"end":{}}],"line":55},"3":{"loc":{"start":{"line":57,"column":6},"end":{"line":61,"column":7}},"type":"if","locations":[{"start":{"line":57,"column":6},"end":{"line":61,"column":7}},{"start":{},"end":{}}],"line":57},"4":{"loc":{"start":{"line":68,"column":4},"end":{"line":72,"column":5}},"type":"if","locations":[{"start":{"line":68,"column":4},"end":{"line":72,"column":5}},{"start":{},"end":{}}],"line":68},"5":{"loc":{"start":{"line":73,"column":4},"end":{"line":76,"column":5}},"type":"if","locations":[{"start":{"line":73,"column":4},"end":{"line":76,"column":5}},{"start":{},"end":{}}],"line":73},"6":{"loc":{"start":{"line":80,"column":4},"end":{"line":84,"column":5}},"type":"if","locations":[{"start":{"line":80,"column":4},"end":{"line":84,"column":5}},{"start":{"line":82,"column":11},"end":{"line":84,"column":5}}],"line":80},"7":{"loc":{"start":{"line":80,"column":8},"end":{"line":80,"column":43}},"type":"binary-expr","locations":[{"start":{"line":80,"column":8},"end":{"line":80,"column":18}},{"start":{"line":80,"column":22},"end":{"line":80,"column":33}},{"start":{"line":80,"column":37},"end":{"line":80,"column":43}}],"line":80},"8":{"loc":{"start":{"line":82,"column":11},"end":{"line":84,"column":5}},"type":"if","locations":[{"start":{"line":82,"column":11},"end":{"line":84,"column":5}},{"start":{},"end":{}}],"line":82},"9":{"loc":{"start":{"line":82,"column":15},"end":{"line":82,"column":36}},"type":"binary-expr","locations":[{"start":{"line":82,"column":15},"end":{"line":82,"column":27}},{"start":{"line":82,"column":31},"end":{"line":82,"column":36}}],"line":82},"10":{"loc":{"start":{"line":92,"column":10},"end":{"line":92,"column":40}},"type":"binary-expr","locations":[{"start":{"line":92,"column":10},"end":{"line":92,"column":15}},{"start":{"line":92,"column":19},"end":{"line":92,"column":40}}],"line":92},"11":{"loc":{"start":{"line":113,"column":12},"end":{"line":113,"column":73}},"type":"binary-expr","locations":[{"start":{"line":113,"column":13},"end":{"line":113,"column":25}},{"start":{"line":113,"column":29},"end":{"line":113,"column":34}},{"start":{"line":113,"column":38},"end":{"line":113,"column":47}},{"start":{"line":113,"column":52},"end":{"line":113,"column":73}}],"line":113},"12":{"loc":{"start":{"line":116,"column":20},"end":{"line":116,"column":56}},"type":"binary-expr","locations":[{"start":{"line":116,"column":20},"end":{"line":116,"column":32}},{"start":{"line":116,"column":36},"end":{"line":116,"column":43}},{"start":{"line":116,"column":47},"end":{"line":116,"column":56}}],"line":116},"13":{"loc":{"start":{"line":118,"column":11},"end":{"line":126,"column":11}},"type":"cond-expr","locations":[{"start":{"line":119,"column":12},"end":{"line":119,"column":60}},{"start":{"line":121,"column":12},"end":{"line":125,"column":14}}],"line":118},"14":{"loc":{"start":{"line":124,"column":21},"end":{"line":124,"column":63}},"type":"cond-expr","locations":[{"start":{"line":124,"column":47},"end":{"line":124,"column":54}},{"start":{"line":124,"column":57},"end":{"line":124,"column":63}}],"line":124},"15":{"loc":{"start":{"line":124,"column":22},"end":{"line":124,"column":43}},"type":"binary-expr","locations":[{"start":{"line":124,"column":22},"end":{"line":124,"column":33}},{"start":{"line":124,"column":37},"end":{"line":124,"column":43}}],"line":124},"16":{"loc":{"start":{"line":129,"column":7},"end":{"line":131,"column":7}},"type":"binary-expr","locations":[{"start":{"line":129,"column":7},"end":{"line":129,"column":12}},{"start":{"line":130,"column":8},"end":{"line":130,"column":53}}],"line":129}},"s":{"0":0,"1":0,"2":0,"3":0,"4":0,"5":0,"6":0,"7":0,"8":0,"9":0,"10":0,"11":0,"12":0,"13":0,"14":0,"15":0,"16":0,"17":0,"18":0,"19":0,"20":0,"21":0,"22":0,"23":0,"24":0,"25":0,"26":0,"27":0,"28":0,"29":0,"30":0,"31":0,"32":0,"33":0,"34":0,"35":0,"36":0,"37":0,"38":0,"39":0,"40":0,"41":0,"42":0,"43":0},"f":{"0":0,"1":0,"2":0,"3":0,"4":0},"b":{"0":[0,0],"1":[0,0],"2":[0,0],"3":[0,0],"4":[0,0],"5":[0,0],"6":[0,0],"7":[0,0,0],"8":[0,0],"9":[0,0],"10":[0,0],"11":[0,0,0,0],"12":[0,0,0],"13":[0,0],"14":[0,0],"15":[0,0],"16":[0,0]}}
,"/Users/deepaksisodiya/Workspace/MyApp/constants/Colors.ts": {"path":"/Users/deepaksisodiya/Workspace/MyApp/constants/Colors.ts","statementMap":{"0":{"start":{"line":6,"column":23},"end":{"line":6,"column":32}},"1":{"start":{"line":7,"column":22},"end":{"line":7,"column":28}},"2":{"start":{"line":9,"column":22},"end":{"line":26,"column":1}}},"fnMap":{},"branchMap":{},"s":{"0":0,"1":0,"2":0},"f":{},"b":{}}
,"/Users/deepaksisodiya/Workspace/MyApp/hooks/useColorScheme.ts": {"path":"/Users/deepaksisodiya/Workspace/MyApp/hooks/useColorScheme.ts","statementMap":{},"fnMap":{},"branchMap":{},"s":{},"f":{},"b":{}}
,"/Users/deepaksisodiya/Workspace/MyApp/hooks/useColorScheme.web.ts": {"path":"/Users/deepaksisodiya/Workspace/MyApp/hooks/useColorScheme.web.ts","statementMap":{"0":{"start":{"line":8,"column":40},"end":{"line":8,"column":55}},"1":{"start":{"line":10,"column":2},"end":{"line":12,"column":9}},"2":{"start":{"line":11,"column":4},"end":{"line":11,"column":25}},"3":{"start":{"line":14,"column":22},"end":{"line":14,"column":40}},"4":{"start":{"line":16,"column":2},"end":{"line":18,"column":3}},"5":{"start":{"line":17,"column":4},"end":{"line":17,"column":23}},"6":{"start":{"line":20,"column":2},"end":{"line":20,"column":17}}},"fnMap":{"0":{"name":"useColorScheme","decl":{"start":{"line":7,"column":16},"end":{"line":7,"column":30}},"loc":{"start":{"line":7,"column":33},"end":{"line":21,"column":1}},"line":7},"1":{"name":"(anonymous_1)","decl":{"start":{"line":10,"column":12},"end":{"line":10,"column":13}},"loc":{"start":{"line":10,"column":18},"end":{"line":12,"column":3}},"line":10}},"branchMap":{"0":{"loc":{"start":{"line":16,"column":2},"end":{"line":18,"column":3}},"type":"if","locations":[{"start":{"line":16,"column":2},"end":{"line":18,"column":3}},{"start":{},"end":{}}],"line":16}},"s":{"0":0,"1":0,"2":0,"3":0,"4":0,"5":0,"6":0},"f":{"0":0,"1":0},"b":{"0":[0,0]}}
,"/Users/deepaksisodiya/Workspace/MyApp/hooks/useThemeColor.ts": {"path":"/Users/deepaksisodiya/Workspace/MyApp/hooks/useThemeColor.ts","statementMap":{"0":{"start":{"line":13,"column":16},"end":{"line":13,"column":43}},"1":{"start":{"line":14,"column":25},"end":{"line":14,"column":37}},"2":{"start":{"line":16,"column":2},"end":{"line":20,"column":3}},"3":{"start":{"line":17,"column":4},"end":{"line":17,"column":26}},"4":{"start":{"line":19,"column":4},"end":{"line":19,"column":36}}},"fnMap":{"0":{"name":"useThemeColor","decl":{"start":{"line":9,"column":16},"end":{"line":9,"column":29}},"loc":{"start":{"line":12,"column":2},"end":{"line":21,"column":1}},"line":12}},"branchMap":{"0":{"loc":{"start":{"line":13,"column":16},"end":{"line":13,"column":43}},"type":"binary-expr","locations":[{"start":{"line":13,"column":16},"end":{"line":13,"column":32}},{"start":{"line":13,"column":36},"end":{"line":13,"column":43}}],"line":13},"1":{"loc":{"start":{"line":16,"column":2},"end":{"line":20,"column":3}},"type":"if","locations":[{"start":{"line":16,"column":2},"end":{"line":20,"column":3}},{"start":{"line":18,"column":9},"end":{"line":20,"column":3}}],"line":16}},"s":{"0":0,"1":0,"2":0,"3":0,"4":0},"f":{"0":0},"b":{"0":[0,0],"1":[0,0]}}
,"/Users/deepaksisodiya/Workspace/MyApp/hooks/useTodos.ts": {"path":"/Users/deepaksisodiya/Workspace/MyApp/hooks/useTodos.ts","statementMap":{"0":{"start":{"line":17,"column":28},"end":{"line":26,"column":4}},"1":{"start":{"line":28,"column":19},"end":{"line":28,"column":32}},"2":{"start":{"line":29,"column":2},"end":{"line":29,"column":27}},"3":{"start":{"line":31,"column":26},"end":{"line":36,"column":8}},"4":{"start":{"line":32,"column":4},"end":{"line":35,"column":8}},"5":{"start":{"line":32,"column":25},"end":{"line":35,"column":5}},"6":{"start":{"line":39,"column":2},"end":{"line":58,"column":9}},"7":{"start":{"line":40,"column":22},"end":{"line":55,"column":5}},"8":{"start":{"line":41,"column":6},"end":{"line":54,"column":7}},"9":{"start":{"line":42,"column":28},"end":{"line":42,"column":83}},"10":{"start":{"line":43,"column":8},"end":{"line":47,"column":12}},"11":{"start":{"line":43,"column":29},"end":{"line":47,"column":9}},"12":{"start":{"line":49,"column":8},"end":{"line":53,"column":12}},"13":{"start":{"line":49,"column":29},"end":{"line":53,"column":9}},"14":{"start":{"line":57,"column":4},"end":{"line":57,"column":16}},"15":{"start":{"line":61,"column":20},"end":{"line":74,"column":8}},"16":{"start":{"line":62,"column":4},"end":{"line":73,"column":5}},"17":{"start":{"line":63,"column":6},"end":{"line":63,"column":60}},"18":{"start":{"line":64,"column":6},"end":{"line":67,"column":10}},"19":{"start":{"line":64,"column":27},"end":{"line":67,"column":7}},"20":{"start":{"line":69,"column":6},"end":{"line":72,"column":10}},"21":{"start":{"line":69,"column":27},"end":{"line":72,"column":7}},"22":{"start":{"line":76,"column":18},"end":{"line":101,"column":34}},"23":{"start":{"line":77,"column":4},"end":{"line":77,"column":33}},"24":{"start":{"line":79,"column":30},"end":{"line":83,"column":5}},"25":{"start":{"line":85,"column":4},"end":{"line":100,"column":5}},"26":{"start":{"line":86,"column":23},"end":{"line":86,"column":59}},"27":{"start":{"line":87,"column":6},"end":{"line":87,"column":32}},"28":{"start":{"line":88,"column":6},"end":{"line":92,"column":10}},"29":{"start":{"line":88,"column":27},"end":{"line":92,"column":7}},"30":{"start":{"line":94,"column":6},"end":{"line":94,"column":36}},"31":{"start":{"line":95,"column":6},"end":{"line":98,"column":10}},"32":{"start":{"line":95,"column":27},"end":{"line":98,"column":7}},"33":{"start":{"line":99,"column":6},"end":{"line":99,"column":18}},"34":{"start":{"line":103,"column":21},"end":{"line":125,"column":34}},"35":{"start":{"line":104,"column":4},"end":{"line":104,"column":36}},"36":{"start":{"line":105,"column":26},"end":{"line":105,"column":48}},"37":{"start":{"line":107,"column":4},"end":{"line":124,"column":5}},"38":{"start":{"line":108,"column":23},"end":{"line":110,"column":7}},"39":{"start":{"line":109,"column":8},"end":{"line":109,"column":71}},"40":{"start":{"line":111,"column":6},"end":{"line":111,"column":32}},"41":{"start":{"line":112,"column":6},"end":{"line":116,"column":10}},"42":{"start":{"line":112,"column":27},"end":{"line":116,"column":7}},"43":{"start":{"line":118,"column":6},"end":{"line":118,"column":39}},"44":{"start":{"line":119,"column":6},"end":{"line":122,"column":10}},"45":{"start":{"line":119,"column":27},"end":{"line":122,"column":7}},"46":{"start":{"line":123,"column":6},"end":{"line":123,"column":18}},"47":{"start":{"line":127,"column":21},"end":{"line":147,"column":34}},"48":{"start":{"line":128,"column":4},"end":{"line":128,"column":36}},"49":{"start":{"line":129,"column":26},"end":{"line":129,"column":48}},"50":{"start":{"line":131,"column":4},"end":{"line":146,"column":5}},"51":{"start":{"line":132,"column":23},"end":{"line":132,"column":67}},"52":{"start":{"line":132,"column":52},"end":{"line":132,"column":66}},"53":{"start":{"line":133,"column":6},"end":{"line":133,"column":32}},"54":{"start":{"line":134,"column":6},"end":{"line":138,"column":10}},"55":{"start":{"line":134,"column":27},"end":{"line":138,"column":7}},"56":{"start":{"line":140,"column":6},"end":{"line":140,"column":39}},"57":{"start":{"line":141,"column":6},"end":{"line":144,"column":10}},"58":{"start":{"line":141,"column":27},"end":{"line":144,"column":7}},"59":{"start":{"line":145,"column":6},"end":{"line":145,"column":18}},"60":{"start":{"line":149,"column":29},"end":{"line":171,"column":8}},"61":{"start":{"line":150,"column":4},"end":{"line":154,"column":8}},"62":{"start":{"line":150,"column":25},"end":{"line":154,"column":5}},"63":{"start":{"line":156,"column":4},"end":{"line":170,"column":5}},"64":{"start":{"line":157,"column":26},"end":{"line":157,"column":81}},"65":{"start":{"line":158,"column":6},"end":{"line":163,"column":10}},"66":{"start":{"line":158,"column":27},"end":{"line":163,"column":7}},"67":{"start":{"line":165,"column":6},"end":{"line":169,"column":10}},"68":{"start":{"line":165,"column":27},"end":{"line":169,"column":7}},"69":{"start":{"line":173,"column":2},"end":{"line":179,"column":4}}},"fnMap":{"0":{"name":"useTodos","decl":{"start":{"line":16,"column":16},"end":{"line":16,"column":24}},"loc":{"start":{"line":16,"column":27},"end":{"line":180,"column":1}},"line":16},"1":{"name":"(anonymous_1)","decl":{"start":{"line":31,"column":38},"end":{"line":31,"column":39}},"loc":{"start":{"line":31,"column":104},"end":{"line":36,"column":3}},"line":31},"2":{"name":"(anonymous_2)","decl":{"start":{"line":32,"column":13},"end":{"line":32,"column":14}},"loc":{"start":{"line":32,"column":25},"end":{"line":35,"column":5}},"line":32},"3":{"name":"(anonymous_3)","decl":{"start":{"line":39,"column":12},"end":{"line":39,"column":13}},"loc":{"start":{"line":39,"column":18},"end":{"line":58,"column":3}},"line":39},"4":{"name":"(anonymous_4)","decl":{"start":{"line":40,"column":22},"end":{"line":40,"column":23}},"loc":{"start":{"line":40,"column":34},"end":{"line":55,"column":5}},"line":40},"5":{"name":"(anonymous_5)","decl":{"start":{"line":43,"column":17},"end":{"line":43,"column":18}},"loc":{"start":{"line":43,"column":29},"end":{"line":47,"column":9}},"line":43},"6":{"name":"(anonymous_6)","decl":{"start":{"line":49,"column":17},"end":{"line":49,"column":18}},"loc":{"start":{"line":49,"column":29},"end":{"line":53,"column":9}},"line":49},"7":{"name":"(anonymous_7)","decl":{"start":{"line":61,"column":32},"end":{"line":61,"column":33}},"loc":{"start":{"line":61,"column":64},"end":{"line":74,"column":3}},"line":61},"8":{"name":"(anonymous_8)","decl":{"start":{"line":64,"column":15},"end":{"line":64,"column":16}},"loc":{"start":{"line":64,"column":27},"end":{"line":67,"column":7}},"line":64},"9":{"name":"(anonymous_9)","decl":{"start":{"line":69,"column":15},"end":{"line":69,"column":16}},"loc":{"start":{"line":69,"column":27},"end":{"line":72,"column":7}},"line":69},"10":{"name":"(anonymous_10)","decl":{"start":{"line":76,"column":30},"end":{"line":76,"column":31}},"loc":{"start":{"line":76,"column":54},"end":{"line":101,"column":3}},"line":76},"11":{"name":"(anonymous_11)","decl":{"start":{"line":88,"column":15},"end":{"line":88,"column":16}},"loc":{"start":{"line":88,"column":27},"end":{"line":92,"column":7}},"line":88},"12":{"name":"(anonymous_12)","decl":{"start":{"line":95,"column":15},"end":{"line":95,"column":16}},"loc":{"start":{"line":95,"column":27},"end":{"line":98,"column":7}},"line":95},"13":{"name":"(anonymous_13)","decl":{"start":{"line":103,"column":33},"end":{"line":103,"column":34}},"loc":{"start":{"line":103,"column":55},"end":{"line":125,"column":3}},"line":103},"14":{"name":"(anonymous_14)","decl":{"start":{"line":108,"column":41},"end":{"line":108,"column":42}},"loc":{"start":{"line":109,"column":8},"end":{"line":109,"column":71}},"line":109},"15":{"name":"(anonymous_15)","decl":{"start":{"line":112,"column":15},"end":{"line":112,"column":16}},"loc":{"start":{"line":112,"column":27},"end":{"line":116,"column":7}},"line":112},"16":{"name":"(anonymous_16)","decl":{"start":{"line":119,"column":15},"end":{"line":119,"column":16}},"loc":{"start":{"line":119,"column":27},"end":{"line":122,"column":7}},"line":119},"17":{"name":"(anonymous_17)","decl":{"start":{"line":127,"column":33},"end":{"line":127,"column":34}},"loc":{"start":{"line":127,"column":55},"end":{"line":147,"column":3}},"line":127},"18":{"name":"(anonymous_18)","decl":{"start":{"line":132,"column":44},"end":{"line":132,"column":45}},"loc":{"start":{"line":132,"column":52},"end":{"line":132,"column":66}},"line":132},"19":{"name":"(anonymous_19)","decl":{"start":{"line":134,"column":15},"end":{"line":134,"column":16}},"loc":{"start":{"line":134,"column":27},"end":{"line":138,"column":7}},"line":134},"20":{"name":"(anonymous_20)","decl":{"start":{"line":141,"column":15},"end":{"line":141,"column":16}},"loc":{"start":{"line":141,"column":27},"end":{"line":144,"column":7}},"line":141},"21":{"name":"(anonymous_21)","decl":{"start":{"line":149,"column":41},"end":{"line":149,"column":42}},"loc":{"start":{"line":149,"column":53},"end":{"line":171,"column":3}},"line":149},"22":{"name":"(anonymous_22)","decl":{"start":{"line":150,"column":13},"end":{"line":150,"column":14}},"loc":{"start":{"line":150,"column":25},"end":{"line":154,"column":5}},"line":150},"23":{"name":"(anonymous_23)","decl":{"start":{"line":158,"column":15},"end":{"line":158,"column":16}},"loc":{"start":{"line":158,"column":27},"end":{"line":163,"column":7}},"line":158},"24":{"name":"(anonymous_24)","decl":{"start":{"line":165,"column":15},"end":{"line":165,"column":16}},"loc":{"start":{"line":165,"column":27},"end":{"line":169,"column":7}},"line":165}},"branchMap":{"0":{"loc":{"start":{"line":45,"column":17},"end":{"line":45,"column":34}},"type":"binary-expr","locations":[{"start":{"line":45,"column":17},"end":{"line":45,"column":28}},{"start":{"line":45,"column":32},"end":{"line":45,"column":34}}],"line":45},"1":{"loc":{"start":{"line":52,"column":17},"end":{"line":52,"column":87}},"type":"cond-expr","locations":[{"start":{"line":52,"column":49},"end":{"line":52,"column":62}},{"start":{"line":52,"column":65},"end":{"line":52,"column":87}}],"line":52},"2":{"loc":{"start":{"line":71,"column":15},"end":{"line":71,"column":85}},"type":"cond-expr","locations":[{"start":{"line":71,"column":47},"end":{"line":71,"column":60}},{"start":{"line":71,"column":63},"end":{"line":71,"column":85}}],"line":71},"3":{"loc":{"start":{"line":97,"column":15},"end":{"line":97,"column":83}},"type":"cond-expr","locations":[{"start":{"line":97,"column":47},"end":{"line":97,"column":60}},{"start":{"line":97,"column":63},"end":{"line":97,"column":83}}],"line":97},"4":{"loc":{"start":{"line":109,"column":8},"end":{"line":109,"column":71}},"type":"cond-expr","locations":[{"start":{"line":109,"column":25},"end":{"line":109,"column":64}},{"start":{"line":109,"column":67},"end":{"line":109,"column":71}}],"line":109},"5":{"loc":{"start":{"line":121,"column":15},"end":{"line":121,"column":86}},"type":"cond-expr","locations":[{"start":{"line":121,"column":47},"end":{"line":121,"column":60}},{"start":{"line":121,"column":63},"end":{"line":121,"column":86}}],"line":121},"6":{"loc":{"start":{"line":143,"column":15},"end":{"line":143,"column":86}},"type":"cond-expr","locations":[{"start":{"line":143,"column":47},"end":{"line":143,"column":60}},{"start":{"line":143,"column":63},"end":{"line":143,"column":86}}],"line":143},"7":{"loc":{"start":{"line":160,"column":15},"end":{"line":160,"column":43}},"type":"binary-expr","locations":[{"start":{"line":160,"column":15},"end":{"line":160,"column":26}},{"start":{"line":160,"column":30},"end":{"line":160,"column":43}}],"line":160},"8":{"loc":{"start":{"line":168,"column":15},"end":{"line":168,"column":90}},"type":"cond-expr","locations":[{"start":{"line":168,"column":47},"end":{"line":168,"column":60}},{"start":{"line":168,"column":63},"end":{"line":168,"column":90}}],"line":168}},"s":{"0":0,"1":0,"2":0,"3":0,"4":0,"5":0,"6":0,"7":0,"8":0,"9":0,"10":0,"11":0,"12":0,"13":0,"14":0,"15":0,"16":0,"17":0,"18":0,"19":0,"20":0,"21":0,"22":0,"23":0,"24":0,"25":0,"26":0,"27":0,"28":0,"29":0,"30":0,"31":0,"32":0,"33":0,"34":0,"35":0,"36":0,"37":0,"38":0,"39":0,"40":0,"41":0,"42":0,"43":0,"44":0,"45":0,"46":0,"47":0,"48":0,"49":0,"50":0,"51":0,"52":0,"53":0,"54":0,"55":0,"56":0,"57":0,"58":0,"59":0,"60":0,"61":0,"62":0,"63":0,"64":0,"65":0,"66":0,"67":0,"68":0,"69":0},"f":{"0":0,"1":0,"2":0,"3":0,"4":0,"5":0,"6":0,"7":0,"8":0,"9":0,"10":0,"11":0,"12":0,"13":0,"14":0,"15":0,"16":0,"17":0,"18":0,"19":0,"20":0,"21":0,"22":0,"23":0,"24":0},"b":{"0":[0,0],"1":[0,0],"2":[0,0],"3":[0,0],"4":[0,0],"5":[0,0],"6":[0,0],"7":[0,0],"8":[0,0]}}
,"/Users/deepaksisodiya/Workspace/MyApp/scripts/reset-project.js": {"path":"/Users/deepaksisodiya/Workspace/MyApp/scripts/reset-project.js","statementMap":{"0":{"start":{"line":9,"column":11},"end":{"line":9,"column":24}},"1":{"start":{"line":10,"column":13},"end":{"line":10,"column":28}},"2":{"start":{"line":11,"column":17},"end":{"line":11,"column":36}},"3":{"start":{"line":13,"column":13},"end":{"line":13,"column":26}},"4":{"start":{"line":14,"column":16},"end":{"line":14,"column":70}},"5":{"start":{"line":15,"column":19},"end":{"line":15,"column":32}},"6":{"start":{"line":16,"column":18},"end":{"line":16,"column":23}},"7":{"start":{"line":17,"column":23},"end":{"line":17,"column":50}},"8":{"start":{"line":19,"column":21},"end":{"line":34,"column":1}},"9":{"start":{"line":36,"column":22},"end":{"line":41,"column":1}},"10":{"start":{"line":43,"column":11},"end":{"line":46,"column":2}},"11":{"start":{"line":48,"column":24},"end":{"line":99,"column":1}},"12":{"start":{"line":49,"column":2},"end":{"line":98,"column":3}},"13":{"start":{"line":50,"column":4},"end":{"line":54,"column":5}},"14":{"start":{"line":52,"column":6},"end":{"line":52,"column":67}},"15":{"start":{"line":53,"column":6},"end":{"line":53,"column":58}},"16":{"start":{"line":57,"column":4},"end":{"line":71,"column":5}},"17":{"start":{"line":58,"column":25},"end":{"line":58,"column":45}},"18":{"start":{"line":59,"column":6},"end":{"line":70,"column":7}},"19":{"start":{"line":60,"column":8},"end":{"line":67,"column":9}},"20":{"start":{"line":61,"column":29},"end":{"line":61,"column":61}},"21":{"start":{"line":62,"column":10},"end":{"line":62,"column":59}},"22":{"start":{"line":63,"column":10},"end":{"line":63,"column":68}},"23":{"start":{"line":65,"column":10},"end":{"line":65,"column":77}},"24":{"start":{"line":66,"column":10},"end":{"line":66,"column":44}},"25":{"start":{"line":69,"column":8},"end":{"line":69,"column":60}},"26":{"start":{"line":74,"column":26},"end":{"line":74,"column":52}},"27":{"start":{"line":75,"column":4},"end":{"line":75,"column":64}},"28":{"start":{"line":76,"column":4},"end":{"line":76,"column":52}},"29":{"start":{"line":79,"column":22},"end":{"line":79,"column":59}},"30":{"start":{"line":80,"column":4},"end":{"line":80,"column":57}},"31":{"start":{"line":81,"column":4},"end":{"line":81,"column":45}},"32":{"start":{"line":84,"column":23},"end":{"line":84,"column":62}},"33":{"start":{"line":85,"column":4},"end":{"line":85,"column":59}},"34":{"start":{"line":86,"column":4},"end":{"line":86,"column":47}},"35":{"start":{"line":88,"column":4},"end":{"line":88,"column":59}},"36":{"start":{"line":89,"column":4},"end":{"line":95,"column":6}},"37":{"start":{"line":97,"column":4},"end":{"line":97,"column":71}},"38":{"start":{"line":101,"column":0},"end":{"line":112,"column":2}},"39":{"start":{"line":104,"column":22},"end":{"line":104,"column":56}},"40":{"start":{"line":105,"column":4},"end":{"line":110,"column":5}},"41":{"start":{"line":106,"column":6},"end":{"line":106,"column":59}},"42":{"start":{"line":106,"column":47},"end":{"line":106,"column":57}},"43":{"start":{"line":108,"column":6},"end":{"line":108,"column":63}},"44":{"start":{"line":109,"column":6},"end":{"line":109,"column":17}}},"fnMap":{"0":{"name":"(anonymous_0)","decl":{"start":{"line":48,"column":24},"end":{"line":48,"column":25}},"loc":{"start":{"line":48,"column":45},"end":{"line":99,"column":1}},"line":48},"1":{"name":"(anonymous_1)","decl":{"start":{"line":103,"column":2},"end":{"line":103,"column":3}},"loc":{"start":{"line":103,"column":14},"end":{"line":111,"column":3}},"line":103},"2":{"name":"(anonymous_2)","decl":{"start":{"line":106,"column":41},"end":{"line":106,"column":42}},"loc":{"start":{"line":106,"column":47},"end":{"line":106,"column":57}},"line":106}},"branchMap":{"0":{"loc":{"start":{"line":50,"column":4},"end":{"line":54,"column":5}},"type":"if","locations":[{"start":{"line":50,"column":4},"end":{"line":54,"column":5}},{"start":{},"end":{}}],"line":50},"1":{"loc":{"start":{"line":59,"column":6},"end":{"line":70,"column":7}},"type":"if","locations":[{"start":{"line":59,"column":6},"end":{"line":70,"column":7}},{"start":{"line":68,"column":13},"end":{"line":70,"column":7}}],"line":59},"2":{"loc":{"start":{"line":60,"column":8},"end":{"line":67,"column":9}},"type":"if","locations":[{"start":{"line":60,"column":8},"end":{"line":67,"column":9}},{"start":{"line":64,"column":15},"end":{"line":67,"column":9}}],"line":60},"3":{"loc":{"start":{"line":91,"column":8},"end":{"line":93,"column":14}},"type":"cond-expr","locations":[{"start":{"line":92,"column":12},"end":{"line":92,"column":87}},{"start":{"line":93,"column":12},"end":{"line":93,"column":14}}],"line":91},"4":{"loc":{"start":{"line":104,"column":22},"end":{"line":104,"column":56}},"type":"binary-expr","locations":[{"start":{"line":104,"column":22},"end":{"line":104,"column":49}},{"start":{"line":104,"column":53},"end":{"line":104,"column":56}}],"line":104},"5":{"loc":{"start":{"line":105,"column":4},"end":{"line":110,"column":5}},"type":"if","locations":[{"start":{"line":105,"column":4},"end":{"line":110,"column":5}},{"start":{"line":107,"column":11},"end":{"line":110,"column":5}}],"line":105},"6":{"loc":{"start":{"line":105,"column":8},"end":{"line":105,"column":46}},"type":"binary-expr","locations":[{"start":{"line":105,"column":8},"end":{"line":105,"column":25}},{"start":{"line":105,"column":29},"end":{"line":105,"column":46}}],"line":105}},"s":{"0":0,"1":0,"2":0,"3":0,"4":0,"5":0,"6":0,"7":0,"8":0,"9":0,"10":0,"11":0,"12":0,"13":0,"14":0,"15":0,"16":0,"17":0,"18":0,"19":0,"20":0,"21":0,"22":0,"23":0,"24":0,"25":0,"26":0,"27":0,"28":0,"29":0,"30":0,"31":0,"32":0,"33":0,"34":0,"35":0,"36":0,"37":0,"38":0,"39":0,"40":0,"41":0,"42":0,"43":0,"44":0},"f":{"0":0,"1":0,"2":0},"b":{"0":[0,0],"1":[0,0],"2":[0,0],"3":[0,0],"4":[0,0],"5":[0,0],"6":[0,0]}}
,"/Users/deepaksisodiya/Workspace/MyApp/utils/errorReporting.ts": {"path":"/Users/deepaksisodiya/Workspace/MyApp/utils/errorReporting.ts","statementMap":{"0":{"start":{"line":27,"column":38},"end":{"line":27,"column":40}},"1":{"start":{"line":28,"column":36},"end":{"line":28,"column":38}},"2":{"start":{"line":35,"column":4},"end":{"line":37,"column":5}},"3":{"start":{"line":36,"column":6},"end":{"line":36,"column":51}},"4":{"start":{"line":38,"column":4},"end":{"line":38,"column":34}},"5":{"start":{"line":43,"column":4},"end":{"line":48,"column":7}},"6":{"start":{"line":53,"column":4},"end":{"line":58,"column":7}},"7":{"start":{"line":63,"column":4},"end":{"line":68,"column":7}},"8":{"start":{"line":73,"column":4},"end":{"line":78,"column":7}},"9":{"start":{"line":83,"column":37},"end":{"line":87,"column":5}},"10":{"start":{"line":90,"column":4},"end":{"line":90,"column":38}},"11":{"start":{"line":93,"column":4},"end":{"line":95,"column":5}},"12":{"start":{"line":94,"column":6},"end":{"line":94,"column":30}},"13":{"start":{"line":98,"column":4},"end":{"line":104,"column":5}},"14":{"start":{"line":99,"column":6},"end":{"line":103,"column":9}},"15":{"start":{"line":108,"column":4},"end":{"line":108,"column":41}},"16":{"start":{"line":123,"column":4},"end":{"line":123,"column":61}},"17":{"start":{"line":123,"column":44},"end":{"line":123,"column":59}},"18":{"start":{"line":128,"column":19},"end":{"line":128,"column":63}},"19":{"start":{"line":128,"column":45},"end":{"line":128,"column":62}},"20":{"start":{"line":129,"column":4},"end":{"line":131,"column":5}},"21":{"start":{"line":130,"column":6},"end":{"line":130,"column":28}},"22":{"start":{"line":136,"column":4},"end":{"line":136,"column":72}},"23":{"start":{"line":136,"column":55},"end":{"line":136,"column":70}},"24":{"start":{"line":141,"column":29},"end":{"line":141,"column":56}}},"fnMap":{"0":{"name":"(anonymous_0)","decl":{"start":{"line":30,"column":2},"end":{"line":30,"column":3}},"loc":{"start":{"line":30,"column":24},"end":{"line":32,"column":3}},"line":30},"1":{"name":"(anonymous_1)","decl":{"start":{"line":34,"column":2},"end":{"line":34,"column":3}},"loc":{"start":{"line":34,"column":38},"end":{"line":39,"column":3}},"line":34},"2":{"name":"(anonymous_2)","decl":{"start":{"line":42,"column":2},"end":{"line":42,"column":3}},"loc":{"start":{"line":42,"column":65},"end":{"line":49,"column":3}},"line":42},"3":{"name":"(anonymous_3)","decl":{"start":{"line":52,"column":2},"end":{"line":52,"column":3}},"loc":{"start":{"line":52,"column":83},"end":{"line":59,"column":3}},"line":52},"4":{"name":"(anonymous_4)","decl":{"start":{"line":62,"column":2},"end":{"line":62,"column":3}},"loc":{"start":{"line":62,"column":83},"end":{"line":69,"column":3}},"line":62},"5":{"name":"(anonymous_5)","decl":{"start":{"line":72,"column":2},"end":{"line":72,"column":3}},"loc":{"start":{"line":72,"column":86},"end":{"line":79,"column":3}},"line":72},"6":{"name":"(anonymous_6)","decl":{"start":{"line":82,"column":2},"end":{"line":82,"column":3}},"loc":{"start":{"line":82,"column":65},"end":{"line":109,"column":3}},"line":82},"7":{"name":"(anonymous_7)","decl":{"start":{"line":112,"column":2},"end":{"line":112,"column":3}},"loc":{"start":{"line":112,"column":56},"end":{"line":119,"column":3}},"line":112},"8":{"name":"(anonymous_8)","decl":{"start":{"line":122,"column":2},"end":{"line":122,"column":3}},"loc":{"start":{"line":122,"column":38},"end":{"line":124,"column":3}},"line":122},"9":{"name":"(anonymous_9)","decl":{"start":{"line":123,"column":34},"end":{"line":123,"column":35}},"loc":{"start":{"line":123,"column":44},"end":{"line":123,"column":59}},"line":123},"10":{"name":"(anonymous_10)","decl":{"start":{"line":127,"column":2},"end":{"line":127,"column":3}},"loc":{"start":{"line":127,"column":41},"end":{"line":132,"column":3}},"line":127},"11":{"name":"(anonymous_11)","decl":{"start":{"line":128,"column":40},"end":{"line":128,"column":41}},"loc":{"start":{"line":128,"column":45},"end":{"line":128,"column":62}},"line":128},"12":{"name":"(anonymous_12)","decl":{"start":{"line":135,"column":2},"end":{"line":135,"column":3}},"loc":{"start":{"line":135,"column":29},"end":{"line":137,"column":3}},"line":135},"13":{"name":"(anonymous_13)","decl":{"start":{"line":136,"column":45},"end":{"line":136,"column":46}},"loc":{"start":{"line":136,"column":55},"end":{"line":136,"column":70}},"line":136}},"branchMap":{"0":{"loc":{"start":{"line":35,"column":4},"end":{"line":37,"column":5}},"type":"if","locations":[{"start":{"line":35,"column":4},"end":{"line":37,"column":5}},{"start":{},"end":{}}],"line":35},"1":{"loc":{"start":{"line":93,"column":4},"end":{"line":95,"column":5}},"type":"if","locations":[{"start":{"line":93,"column":4},"end":{"line":95,"column":5}},{"start":{},"end":{}}],"line":93},"2":{"loc":{"start":{"line":98,"column":4},"end":{"line":104,"column":5}},"type":"if","locations":[{"start":{"line":98,"column":4},"end":{"line":104,"column":5}},{"start":{},"end":{}}],"line":98},"3":{"loc":{"start":{"line":129,"column":4},"end":{"line":131,"column":5}},"type":"if","locations":[{"start":{"line":129,"column":4},"end":{"line":131,"column":5}},{"start":{},"end":{}}],"line":129}},"s":{"0":0,"1":0,"2":0,"3":0,"4":0,"5":0,"6":0,"7":0,"8":0,"9":0,"10":0,"11":0,"12":0,"13":0,"14":0,"15":0,"16":0,"17":0,"18":0,"19":0,"20":0,"21":0,"22":0,"23":0,"24":0},"f":{"0":0,"1":0,"2":0,"3":0,"4":0,"5":0,"6":0,"7":0,"8":0,"9":0,"10":0,"11":0,"12":0,"13":0},"b":{"0":[0,0],"1":[0,0],"2":[0,0],"3":[0,0]}}
,"/Users/deepaksisodiya/Workspace/MyApp/utils/haptics.ts": {"path":"/Users/deepaksisodiya/Workspace/MyApp/utils/haptics.ts","statementMap":{"0":{"start":{"line":3,"column":30},"end":{"line":66,"column":1}},"1":{"start":{"line":6,"column":4},"end":{"line":10,"column":5}},"2":{"start":{"line":7,"column":6},"end":{"line":7,"column":67}},"3":{"start":{"line":15,"column":4},"end":{"line":19,"column":5}},"4":{"start":{"line":16,"column":6},"end":{"line":16,"column":68}},"5":{"start":{"line":24,"column":4},"end":{"line":28,"column":5}},"6":{"start":{"line":25,"column":6},"end":{"line":25,"column":67}},"7":{"start":{"line":33,"column":4},"end":{"line":37,"column":5}},"8":{"start":{"line":34,"column":6},"end":{"line":34,"column":80}},"9":{"start":{"line":42,"column":4},"end":{"line":46,"column":5}},"10":{"start":{"line":43,"column":6},"end":{"line":43,"column":80}},"11":{"start":{"line":51,"column":4},"end":{"line":55,"column":5}},"12":{"start":{"line":52,"column":6},"end":{"line":52,"column":78}},"13":{"start":{"line":60,"column":4},"end":{"line":64,"column":5}},"14":{"start":{"line":61,"column":6},"end":{"line":61,"column":37}}},"fnMap":{"0":{"name":"(anonymous_0)","decl":{"start":{"line":5,"column":9},"end":{"line":5,"column":10}},"loc":{"start":{"line":5,"column":21},"end":{"line":11,"column":3}},"line":5},"1":{"name":"(anonymous_1)","decl":{"start":{"line":14,"column":10},"end":{"line":14,"column":11}},"loc":{"start":{"line":14,"column":22},"end":{"line":20,"column":3}},"line":14},"2":{"name":"(anonymous_2)","decl":{"start":{"line":23,"column":9},"end":{"line":23,"column":10}},"loc":{"start":{"line":23,"column":21},"end":{"line":29,"column":3}},"line":23},"3":{"name":"(anonymous_3)","decl":{"start":{"line":32,"column":11},"end":{"line":32,"column":12}},"loc":{"start":{"line":32,"column":23},"end":{"line":38,"column":3}},"line":32},"4":{"name":"(anonymous_4)","decl":{"start":{"line":41,"column":11},"end":{"line":41,"column":12}},"loc":{"start":{"line":41,"column":23},"end":{"line":47,"column":3}},"line":41},"5":{"name":"(anonymous_5)","decl":{"start":{"line":50,"column":9},"end":{"line":50,"column":10}},"loc":{"start":{"line":50,"column":21},"end":{"line":56,"column":3}},"line":50},"6":{"name":"(anonymous_6)","decl":{"start":{"line":59,"column":13},"end":{"line":59,"column":14}},"loc":{"start":{"line":59,"column":25},"end":{"line":65,"column":3}},"line":59}},"branchMap":{},"s":{"0":0,"1":0,"2":0,"3":0,"4":0,"5":0,"6":0,"7":0,"8":0,"9":0,"10":0,"11":0,"12":0,"13":0,"14":0},"f":{"0":0,"1":0,"2":0,"3":0,"4":0,"5":0,"6":0},"b":{}}
,"/Users/deepaksisodiya/Workspace/MyApp/utils/storage.ts": {"path":"/Users/deepaksisodiya/Workspace/MyApp/utils/storage.ts","statementMap":{"0":{"start":{"line":4,"column":28},"end":{"line":7,"column":10}},"1":{"start":{"line":17,"column":4},"end":{"line":17,"column":19}},"2":{"start":{"line":18,"column":4},"end":{"line":18,"column":31}},"3":{"start":{"line":24,"column":31},"end":{"line":24,"column":32}},"4":{"start":{"line":25,"column":31},"end":{"line":25,"column":35}},"5":{"start":{"line":33,"column":4},"end":{"line":47,"column":5}},"6":{"start":{"line":34,"column":6},"end":{"line":34,"column":31}},"7":{"start":{"line":36,"column":6},"end":{"line":39,"column":7}},"8":{"start":{"line":37,"column":8},"end":{"line":37,"column":76}},"9":{"start":{"line":37,"column":37},"end":{"line":37,"column":74}},"10":{"start":{"line":38,"column":8},"end":{"line":38,"column":61}},"11":{"start":{"line":41,"column":27},"end":{"line":41,"column":81}},"12":{"start":{"line":42,"column":6},"end":{"line":46,"column":8}},"13":{"start":{"line":51,"column":22},"end":{"line":58,"column":5}},"14":{"start":{"line":52,"column":6},"end":{"line":57,"column":7}},"15":{"start":{"line":53,"column":26},"end":{"line":53,"column":46}},"16":{"start":{"line":54,"column":8},"end":{"line":54,"column":51}},"17":{"start":{"line":56,"column":8},"end":{"line":56,"column":119}},"18":{"start":{"line":59,"column":4},"end":{"line":59,"column":46}},"19":{"start":{"line":63,"column":22},"end":{"line":70,"column":5}},"20":{"start":{"line":64,"column":6},"end":{"line":69,"column":7}},"21":{"start":{"line":65,"column":26},"end":{"line":65,"column":57}},"22":{"start":{"line":66,"column":8},"end":{"line":66,"column":64}},"23":{"start":{"line":68,"column":8},"end":{"line":68,"column":115}},"24":{"start":{"line":71,"column":4},"end":{"line":71,"column":46}},"25":{"start":{"line":75,"column":22},"end":{"line":81,"column":5}},"26":{"start":{"line":76,"column":6},"end":{"line":80,"column":7}},"27":{"start":{"line":77,"column":8},"end":{"line":77,"column":43}},"28":{"start":{"line":79,"column":8},"end":{"line":79,"column":108}},"29":{"start":{"line":82,"column":4},"end":{"line":82,"column":48}},"30":{"start":{"line":86,"column":22},"end":{"line":92,"column":5}},"31":{"start":{"line":87,"column":6},"end":{"line":91,"column":7}},"32":{"start":{"line":88,"column":8},"end":{"line":88,"column":35}},"33":{"start":{"line":90,"column":8},"end":{"line":90,"column":110}},"34":{"start":{"line":93,"column":4},"end":{"line":93,"column":42}},"35":{"start":{"line":98,"column":23},"end":{"line":98,"column":41}}},"fnMap":{"0":{"name":"(anonymous_0)","decl":{"start":{"line":11,"column":2},"end":{"line":11,"column":3}},"loc":{"start":{"line":16,"column":4},"end":{"line":19,"column":3}},"line":16},"1":{"name":"(anonymous_1)","decl":{"start":{"line":27,"column":2},"end":{"line":27,"column":3}},"loc":{"start":{"line":32,"column":16},"end":{"line":48,"column":3}},"line":32},"2":{"name":"(anonymous_2)","decl":{"start":{"line":37,"column":26},"end":{"line":37,"column":27}},"loc":{"start":{"line":37,"column":37},"end":{"line":37,"column":74}},"line":37},"3":{"name":"(anonymous_3)","decl":{"start":{"line":50,"column":2},"end":{"line":50,"column":3}},"loc":{"start":{"line":50,"column":60},"end":{"line":60,"column":3}},"line":50},"4":{"name":"(anonymous_4)","decl":{"start":{"line":51,"column":22},"end":{"line":51,"column":23}},"loc":{"start":{"line":51,"column":34},"end":{"line":58,"column":5}},"line":51},"5":{"name":"(anonymous_5)","decl":{"start":{"line":62,"column":2},"end":{"line":62,"column":3}},"loc":{"start":{"line":62,"column":55},"end":{"line":72,"column":3}},"line":62},"6":{"name":"(anonymous_6)","decl":{"start":{"line":63,"column":22},"end":{"line":63,"column":23}},"loc":{"start":{"line":63,"column":34},"end":{"line":70,"column":5}},"line":63},"7":{"name":"(anonymous_7)","decl":{"start":{"line":74,"column":2},"end":{"line":74,"column":3}},"loc":{"start":{"line":74,"column":50},"end":{"line":83,"column":3}},"line":74},"8":{"name":"(anonymous_8)","decl":{"start":{"line":75,"column":22},"end":{"line":75,"column":23}},"loc":{"start":{"line":75,"column":34},"end":{"line":81,"column":5}},"line":75},"9":{"name":"(anonymous_9)","decl":{"start":{"line":85,"column":2},"end":{"line":85,"column":3}},"loc":{"start":{"line":85,"column":38},"end":{"line":94,"column":3}},"line":85},"10":{"name":"(anonymous_10)","decl":{"start":{"line":86,"column":22},"end":{"line":86,"column":23}},"loc":{"start":{"line":86,"column":34},"end":{"line":92,"column":5}},"line":86}},"branchMap":{"0":{"loc":{"start":{"line":31,"column":4},"end":{"line":31,"column":15}},"type":"default-arg","locations":[{"start":{"line":31,"column":14},"end":{"line":31,"column":15}}],"line":31},"1":{"loc":{"start":{"line":36,"column":6},"end":{"line":39,"column":7}},"type":"if","locations":[{"start":{"line":36,"column":6},"end":{"line":39,"column":7}},{"start":{},"end":{}}],"line":36},"2":{"loc":{"start":{"line":41,"column":27},"end":{"line":41,"column":81}},"type":"cond-expr","locations":[{"start":{"line":41,"column":52},"end":{"line":41,"column":65}},{"start":{"line":41,"column":68},"end":{"line":41,"column":81}}],"line":41},"3":{"loc":{"start":{"line":56,"column":61},"end":{"line":56,"column":115}},"type":"cond-expr","locations":[{"start":{"line":56,"column":86},"end":{"line":56,"column":99}},{"start":{"line":56,"column":102},"end":{"line":56,"column":115}}],"line":56},"4":{"loc":{"start":{"line":66,"column":15},"end":{"line":66,"column":63}},"type":"cond-expr","locations":[{"start":{"line":66,"column":35},"end":{"line":66,"column":56}},{"start":{"line":66,"column":59},"end":{"line":66,"column":63}}],"line":66},"5":{"loc":{"start":{"line":68,"column":57},"end":{"line":68,"column":111}},"type":"cond-expr","locations":[{"start":{"line":68,"column":82},"end":{"line":68,"column":95}},{"start":{"line":68,"column":98},"end":{"line":68,"column":111}}],"line":68},"6":{"loc":{"start":{"line":79,"column":50},"end":{"line":79,"column":104}},"type":"cond-expr","locations":[{"start":{"line":79,"column":75},"end":{"line":79,"column":88}},{"start":{"line":79,"column":91},"end":{"line":79,"column":104}}],"line":79},"7":{"loc":{"start":{"line":90,"column":52},"end":{"line":90,"column":106}},"type":"cond-expr","locations":[{"start":{"line":90,"column":77},"end":{"line":90,"column":90}},{"start":{"line":90,"column":93},"end":{"line":90,"column":106}}],"line":90}},"s":{"0":0,"1":0,"2":0,"3":0,"4":0,"5":0,"6":0,"7":0,"8":0,"9":0,"10":0,"11":0,"12":0,"13":0,"14":0,"15":0,"16":0,"17":0,"18":0,"19":0,"20":0,"21":0,"22":0,"23":0,"24":0,"25":0,"26":0,"27":0,"28":0,"29":0,"30":0,"31":0,"32":0,"33":0,"34":0,"35":0},"f":{"0":0,"1":0,"2":0,"3":0,"4":0,"5":0,"6":0,"7":0,"8":0,"9":0,"10":0},"b":{"0":[0],"1":[0,0],"2":[0,0],"3":[0,0],"4":[0,0],"5":[0,0],"6":[0,0],"7":[0,0]}}
,"/Users/deepaksisodiya/Workspace/MyApp/utils/transitions.ts": {"path":"/Users/deepaksisodiya/Workspace/MyApp/utils/transitions.ts","statementMap":{"0":{"start":{"line":4,"column":0},"end":{"line":8,"column":1}},"1":{"start":{"line":5,"column":2},"end":{"line":7,"column":3}},"2":{"start":{"line":6,"column":4},"end":{"line":6,"column":58}},"3":{"start":{"line":10,"column":27},"end":{"line":35,"column":1}},"4":{"start":{"line":13,"column":4},"end":{"line":17,"column":5}},"5":{"start":{"line":14,"column":6},"end":{"line":14,"column":68}},"6":{"start":{"line":16,"column":6},"end":{"line":16,"column":75}}},"fnMap":{"0":{"name":"(anonymous_0)","decl":{"start":{"line":12,"column":19},"end":{"line":12,"column":20}},"loc":{"start":{"line":12,"column":67},"end":{"line":18,"column":3}},"line":12}},"branchMap":{"0":{"loc":{"start":{"line":4,"column":0},"end":{"line":8,"column":1}},"type":"if","locations":[{"start":{"line":4,"column":0},"end":{"line":8,"column":1}},{"start":{},"end":{}}],"line":4},"1":{"loc":{"start":{"line":5,"column":2},"end":{"line":7,"column":3}},"type":"if","locations":[{"start":{"line":5,"column":2},"end":{"line":7,"column":3}},{"start":{},"end":{}}],"line":5},"2":{"loc":{"start":{"line":12,"column":20},"end":{"line":12,"column":62}},"type":"default-arg","locations":[{"start":{"line":12,"column":51},"end":{"line":12,"column":62}}],"line":12},"3":{"loc":{"start":{"line":13,"column":4},"end":{"line":17,"column":5}},"type":"if","locations":[{"start":{"line":13,"column":4},"end":{"line":17,"column":5}},{"start":{"line":15,"column":11},"end":{"line":17,"column":5}}],"line":13}},"s":{"0":0,"1":0,"2":0,"3":0,"4":0,"5":0,"6":0},"f":{"0":0},"b":{"0":[0,0],"1":[0,0],"2":[0],"3":[0,0]}}
,"/Users/deepaksisodiya/Workspace/MyApp/utils/validation.ts": {"path":"/Users/deepaksisodiya/Workspace/MyApp/utils/validation.ts","statementMap":{"0":{"start":{"line":5,"column":4},"end":{"line":5,"column":19}},"1":{"start":{"line":6,"column":4},"end":{"line":6,"column":34}},"2":{"start":{"line":20,"column":53},"end":{"line":37,"column":1}},"3":{"start":{"line":22,"column":33},"end":{"line":22,"column":53}},"4":{"start":{"line":26,"column":33},"end":{"line":26,"column":56}},"5":{"start":{"line":30,"column":33},"end":{"line":30,"column":59}},"6":{"start":{"line":34,"column":33},"end":{"line":34,"column":57}},"7":{"start":{"line":40,"column":2},"end":{"line":58,"column":3}},"8":{"start":{"line":41,"column":4},"end":{"line":50,"column":5}},"9":{"start":{"line":42,"column":6},"end":{"line":49,"column":7}},"10":{"start":{"line":43,"column":22},"end":{"line":43,"column":55}},"11":{"start":{"line":44,"column":8},"end":{"line":44,"column":62}},"12":{"start":{"line":45,"column":8},"end":{"line":48,"column":10}},"13":{"start":{"line":51,"column":4},"end":{"line":51,"column":29}},"14":{"start":{"line":53,"column":4},"end":{"line":53,"column":67}},"15":{"start":{"line":54,"column":4},"end":{"line":57,"column":6}}},"fnMap":{"0":{"name":"(anonymous_0)","decl":{"start":{"line":4,"column":2},"end":{"line":4,"column":3}},"loc":{"start":{"line":4,"column":31},"end":{"line":7,"column":3}},"line":4},"1":{"name":"(anonymous_1)","decl":{"start":{"line":22,"column":14},"end":{"line":22,"column":15}},"loc":{"start":{"line":22,"column":33},"end":{"line":22,"column":53}},"line":22},"2":{"name":"(anonymous_2)","decl":{"start":{"line":26,"column":14},"end":{"line":26,"column":15}},"loc":{"start":{"line":26,"column":33},"end":{"line":26,"column":56}},"line":26},"3":{"name":"(anonymous_3)","decl":{"start":{"line":30,"column":14},"end":{"line":30,"column":15}},"loc":{"start":{"line":30,"column":33},"end":{"line":30,"column":59}},"line":30},"4":{"name":"(anonymous_4)","decl":{"start":{"line":34,"column":14},"end":{"line":34,"column":15}},"loc":{"start":{"line":34,"column":33},"end":{"line":34,"column":57}},"line":34},"5":{"name":"validateTodo","decl":{"start":{"line":39,"column":16},"end":{"line":39,"column":28}},"loc":{"start":{"line":39,"column":62},"end":{"line":59,"column":1}},"line":39}},"branchMap":{"0":{"loc":{"start":{"line":42,"column":6},"end":{"line":49,"column":7}},"type":"if","locations":[{"start":{"line":42,"column":6},"end":{"line":49,"column":7}},{"start":{},"end":{}}],"line":42}},"s":{"0":0,"1":0,"2":0,"3":0,"4":0,"5":0,"6":0,"7":0,"8":0,"9":0,"10":0,"11":0,"12":0,"13":0,"14":0,"15":0},"f":{"0":0,"1":0,"2":0,"3":0,"4":0,"5":0},"b":{"0":[0,0]}}
}
